#
# There is insufficient memory for the Java Runtime Environment to continue.
# Native memory allocation (malloc) failed to allocate 89128960 bytes for committing reserved memory.
# Possible reasons:
#   The system is out of physical RAM or swap space
#   In 32 bit mode, the process size limit was hit
# Possible solutions:
#   Reduce memory load on the system
#   Increase physical memory or swap space
#   Check if swap backing store is full
#   Use 64 bit Java on a 64 bit OS
#   Decrease Java heap size (-Xmx/-Xms)
#   Decrease number of Java threads
#   Decrease Java thread stack sizes (-Xss)
#   Set larger code cache with -XX:ReservedCodeCacheSize=
# This output file may be truncated or incomplete.
#
#  Out of Memory Error (os_linux.cpp:2809), pid=11369, tid=140394629166848
#
# JRE version: OpenJDK Runtime Environment (7.0_79-b14) (build 1.7.0_79-b14)
# Java VM: OpenJDK 64-Bit Server VM (24.79-b02 mixed mode linux-amd64 compressed oops)
# Derivative: IcedTea 2.5.5
# Distribution: Ubuntu Vivid Vervet (development branch), package 7u79-2.5.5-0ubuntu1
# Failed to write core dump. Core dumps have been disabled. To enable core dumping, try "ulimit -c unlimited" before starting Java again
#

---------------  T H R E A D  ---------------

Current thread (0x00007fb04013f000):  VMThread [stack: 0x00007fb02beff000,0x00007fb02c000000] [id=11380]

Stack: [0x00007fb02beff000,0x00007fb02c000000],  sp=0x00007fb02bffe4e0,  free space=1021k
Native frames: (J=compiled Java code, j=interpreted, Vv=VM code, C=native code)
V  [libjvm.so+0x98a0f6]  VMError::report_and_die()+0x186
V  [libjvm.so+0x48f8e2]  report_vm_out_of_memory(char const*, int, unsigned long, char const*)+0x92
V  [libjvm.so+0x7fd51b]  os::pd_commit_memory(char*, unsigned long, unsigned long, bool)+0xeb
V  [libjvm.so+0x7f7bfe]  os::commit_memory(char*, unsigned long, unsigned long, bool)+0x2e
V  [libjvm.so+0x86a51b]  PSVirtualSpace::expand_by(unsigned long)+0x5b
V  [libjvm.so+0x86b3c3]  PSYoungGen::resize_generation(unsigned long, unsigned long)+0xd3
V  [libjvm.so+0x86badb]  PSYoungGen::resize(unsigned long, unsigned long)+0x1b
V  [libjvm.so+0x8674e9]  PSScavenge::invoke_no_policy()+0xdc9
V  [libjvm.so+0x867cc8]  PSScavenge::invoke()+0x38
V  [libjvm.so+0x81fb23]  ParallelScavengeHeap::failed_mem_allocate(unsigned long)+0x63
V  [libjvm.so+0x98b9c2]  VM_ParallelGCFailedAllocation::doit()+0x92
V  [libjvm.so+0x990277]  VM_Operation::evaluate()+0x47
V  [libjvm.so+0x98e85b]  VMThread::evaluate_operation(VM_Operation*)+0xab
V  [libjvm.so+0x98ef06]  VMThread::loop()+0x1e6
V  [libjvm.so+0x98f3d1]  VMThread::run()+0x81
V  [libjvm.so+0x7fa442]  java_start(Thread*)+0xf2

VM_Operation (0x00007fb04690e360): ParallelGCFailedAllocation, mode: safepoint, requested by thread 0x00007fb04000c000


---------------  P R O C E S S  ---------------

Java Threads: ( => current thread )
  0x00007fb0401d3000 JavaThread "Service Thread" daemon [_thread_blocked, id=11386, stack(0x00007fb02aacb000,0x00007fb02abcc000)]
  0x00007fb0401ca000 JavaThread "C2 CompilerThread1" daemon [_thread_blocked, id=11385, stack(0x00007fb02abcc000,0x00007fb02accd000)]
  0x00007fb0401c8000 JavaThread "C2 CompilerThread0" daemon [_thread_blocked, id=11384, stack(0x00007fb02accd000,0x00007fb02adce000)]
  0x00007fb040170800 JavaThread "Signal Dispatcher" daemon [_thread_blocked, id=11383, stack(0x00007fb02b933000,0x00007fb02ba34000)]
  0x00007fb040145800 JavaThread "Finalizer" daemon [_thread_blocked, id=11382, stack(0x00007fb02bcfd000,0x00007fb02bdfe000)]
  0x00007fb040143800 JavaThread "Reference Handler" daemon [_thread_blocked, id=11381, stack(0x00007fb02bdfe000,0x00007fb02beff000)]
  0x00007fb04000c000 JavaThread "main" [_thread_blocked, id=11375, stack(0x00007fb04680f000,0x00007fb046910000)]

Other Threads:
=>0x00007fb04013f000 VMThread [stack: 0x00007fb02beff000,0x00007fb02c000000] [id=11380]
  0x00007fb0401dd800 WatcherThread [stack: 0x00007fb02a9ca000,0x00007fb02aacb000] [id=11387]

VM state:at safepoint (normal execution)

VM Mutex/Monitor currently owned by a thread:  ([mutex/lock_event])
[0x00007fb040008990] Threads_lock - owner thread: 0x00007fb04013f000
[0x00007fb040008e90] Heap_lock - owner thread: 0x00007fb04000c000

Heap
 PSYoungGen      total 69632K, used 5106K [0x00000000eaa80000, 0x00000000ef380000, 0x0000000100000000)
  eden space 64512K, 0% used [0x00000000eaa80000,0x00000000eaa80000,0x00000000ee980000)
  from space 5120K, 99% used [0x00000000ee980000,0x00000000eee7c990,0x00000000eee80000)
  to   space 5120K, 0% used [0x00000000eee80000,0x00000000eee80000,0x00000000ef380000)
 ParOldGen       total 83968K, used 28015K [0x00000000c0000000, 0x00000000c5200000, 0x00000000eaa80000)
  object space 83968K, 33% used [0x00000000c0000000,0x00000000c1b5bee0,0x00000000c5200000)
 PSPermGen       total 21504K, used 7447K [0x00000000b5a00000, 0x00000000b6f00000, 0x00000000c0000000)
  object space 21504K, 34% used [0x00000000b5a00000,0x00000000b6145cb8,0x00000000b6f00000)

Card table byte_map: [0x00007fb03bf2d000,0x00007fb03c181000] byte_map_base: 0x00007fb03b980000

Polling page: 0x00007fb046933000

Code Cache  [0x00007fb03c181000, 0x00007fb03c3f1000, 0x00007fb03f181000)
 total_blobs=850 nmethods=597 adapters=206 free_code_cache=47485Kb largest_free_block=48587840

Compilation events (10 events):
Event: 3.740 Thread 0x00007fb0401c8000 nmethod 596 0x00007fb03c31b110 code [0x00007fb03c31b260, 0x00007fb03c31b398]
Event: 3.743 Thread 0x00007fb0401c8000  597             java.util.TimSort::binarySort (223 bytes)
Event: 3.759 Thread 0x00007fb0401ca000 nmethod 595 0x00007fb03c31a250 code [0x00007fb03c31a3e0, 0x00007fb03c31abf8]
Event: 3.760 Thread 0x00007fb0401c8000 nmethod 597 0x00007fb03c31bdd0 code [0x00007fb03c31bf80, 0x00007fb03c31c7f8]
Event: 3.781 Thread 0x00007fb0401ca000  598             com.android.dx.io.instructions.DecodedInstruction::getLiteralUnit (55 bytes)
Event: 3.782 Thread 0x00007fb0401ca000 nmethod 598 0x00007fb03c31bb50 code [0x00007fb03c31bc80, 0x00007fb03c31bcf8]
Event: 3.793 Thread 0x00007fb0401c8000  599             com.android.dx.io.instructions.InstructionCodec$11::decode (38 bytes)
Event: 3.793 Thread 0x00007fb0401ca000  600             com.android.dx.io.instructions.InstructionCodec$11::encode (22 bytes)
Event: 3.795 Thread 0x00007fb0401ca000 nmethod 600 0x00007fb03c320210 code [0x00007fb03c320380, 0x00007fb03c320578]
Event: 3.795 Thread 0x00007fb0401c8000 nmethod 599 0x00007fb03c31fd10 code [0x00007fb03c31fe60, 0x00007fb03c320018]

GC Heap History (9 events):
Event: 1.552 GC heap before
{Heap before GC invocations=1 (full 0):
 PSYoungGen      total 37376K, used 32252K [0x00000000eaa80000, 0x00000000ed400000, 0x0000000100000000)
  eden space 32256K, 99% used [0x00000000eaa80000,0x00000000ec9ff2f0,0x00000000eca00000)
  from space 5120K, 0% used [0x00000000ecf00000,0x00000000ecf00000,0x00000000ed400000)
  to   space 5120K, 0% used [0x00000000eca00000,0x00000000eca00000,0x00000000ecf00000)
 ParOldGen       total 83968K, used 0K [0x00000000c0000000, 0x00000000c5200000, 0x00000000eaa80000)
  object space 83968K, 0% used [0x00000000c0000000,0x00000000c0000000,0x00000000c5200000)
 PSPermGen       total 21504K, used 5698K [0x00000000b5a00000, 0x00000000b6f00000, 0x00000000c0000000)
  object space 21504K, 26% used [0x00000000b5a00000,0x00000000b5f90b80,0x00000000b6f00000)
Event: 1.566 GC heap after
Heap after GC invocations=1 (full 0):
 PSYoungGen      total 37376K, used 5092K [0x00000000eaa80000, 0x00000000ed400000, 0x0000000100000000)
  eden space 32256K, 0% used [0x00000000eaa80000,0x00000000eaa80000,0x00000000eca00000)
  from space 5120K, 99% used [0x00000000eca00000,0x00000000ecef90d8,0x00000000ecf00000)
  to   space 5120K, 0% used [0x00000000ecf00000,0x00000000ecf00000,0x00000000ed400000)
 ParOldGen       total 83968K, used 2565K [0x00000000c0000000, 0x00000000c5200000, 0x00000000eaa80000)
  object space 83968K, 3% used [0x00000000c0000000,0x00000000c0281450,0x00000000c5200000)
 PSPermGen       total 21504K, used 5698K [0x00000000b5a00000, 0x00000000b6f00000, 0x00000000c0000000)
  object space 21504K, 26% used [0x00000000b5a00000,0x00000000b5f90b80,0x00000000b6f00000)
}
Event: 2.707 GC heap before
{Heap before GC invocations=2 (full 0):
 PSYoungGen      total 37376K, used 37348K [0x00000000eaa80000, 0x00000000ed400000, 0x0000000100000000)
  eden space 32256K, 100% used [0x00000000eaa80000,0x00000000eca00000,0x00000000eca00000)
  from space 5120K, 99% used [0x00000000eca00000,0x00000000ecef90d8,0x00000000ecf00000)
  to   space 5120K, 0% used [0x00000000ecf00000,0x00000000ecf00000,0x00000000ed400000)
 ParOldGen       total 83968K, used 2565K [0x00000000c0000000, 0x00000000c5200000, 0x00000000eaa80000)
  object space 83968K, 3% used [0x00000000c0000000,0x00000000c0281450,0x00000000c5200000)
 PSPermGen       total 21504K, used 7370K [0x00000000b5a00000, 0x00000000b6f00000, 0x00000000c0000000)
  object space 21504K, 34% used [0x00000000b5a00000,0x00000000b6132a20,0x00000000b6f00000)
Event: 2.740 GC heap after
Heap after GC invocations=2 (full 0):
 PSYoungGen      total 37376K, used 5115K [0x00000000eaa80000, 0x00000000ef380000, 0x0000000100000000)
  eden space 32256K, 0% used [0x00000000eaa80000,0x00000000eaa80000,0x00000000eca00000)
  from space 5120K, 99% used [0x00000000ecf00000,0x00000000ed3fed58,0x00000000ed400000)
  to   space 5120K, 0% used [0x00000000eca00000,0x00000000eca00000,0x00000000ecf00000)
 ParOldGen       total 83968K, used 9673K [0x00000000c0000000, 0x00000000c5200000, 0x00000000eaa80000)
  object space 83968K, 11% used [0x00000000c0000000,0x00000000c0972520,0x00000000c5200000)
 PSPermGen       total 21504K, used 7370K [0x00000000b5a00000, 0x00000000b6f00000, 0x00000000c0000000)
  object space 21504K, 34% used [0x00000000b5a00000,0x00000000b6132a20,0x00000000b6f00000)
}
Event: 3.093 GC heap before
{Heap before GC invocations=3 (full 0):
 PSYoungGen      total 37376K, used 35781K [0x00000000eaa80000, 0x00000000ef380000, 0x0000000100000000)
  eden space 32256K, 95% used [0x00000000eaa80000,0x00000000ec872888,0x00000000eca00000)
  from space 5120K, 99% used [0x00000000ecf00000,0x00000000ed3fed58,0x00000000ed400000)
  to   space 5120K, 0% used [0x00000000eca00000,0x00000000eca00000,0x00000000ecf00000)
 ParOldGen       total 83968K, used 9673K [0x00000000c0000000, 0x00000000c5200000, 0x00000000eaa80000)
  object space 83968K, 11% used [0x00000000c0000000,0x00000000c0972520,0x00000000c5200000)
 PSPermGen       total 21504K, used 7417K [0x00000000b5a00000, 0x00000000b6f00000, 0x00000000c0000000)
  object space 21504K, 34% used [0x00000000b5a00000,0x00000000b613e710,0x00000000b6f00000)
Event: 3.106 GC heap after
Heap after GC invocations=3 (full 0):
 PSYoungGen      total 37376K, used 5101K [0x00000000eaa80000, 0x00000000ef380000, 0x0000000100000000)
  eden space 32256K, 0% used [0x00000000eaa80000,0x00000000eaa80000,0x00000000eca00000)
  from space 5120K, 99% used [0x00000000eca00000,0x00000000ecefb7e8,0x00000000ecf00000)
  to   space 5120K, 0% used [0x00000000eee80000,0x00000000eee80000,0x00000000ef380000)
 ParOldGen       total 83968K, used 12020K [0x00000000c0000000, 0x00000000c5200000, 0x00000000eaa80000)
  object space 83968K, 14% used [0x00000000c0000000,0x00000000c0bbd130,0x00000000c5200000)
 PSPermGen       total 21504K, used 7417K [0x00000000b5a00000, 0x00000000b6f00000, 0x00000000c0000000)
  object space 21504K, 34% used [0x00000000b5a00000,0x00000000b613e710,0x00000000b6f00000)
}
Event: 3.379 GC heap before
{Heap before GC invocations=4 (full 0):
 PSYoungGen      total 37376K, used 37357K [0x00000000eaa80000, 0x00000000ef380000, 0x0000000100000000)
  eden space 32256K, 100% used [0x00000000eaa80000,0x00000000eca00000,0x00000000eca00000)
  from space 5120K, 99% used [0x00000000eca00000,0x00000000ecefb7e8,0x00000000ecf00000)
  to   space 5120K, 0% used [0x00000000eee80000,0x00000000eee80000,0x00000000ef380000)
 ParOldGen       total 83968K, used 12020K [0x00000000c0000000, 0x00000000c5200000, 0x00000000eaa80000)
  object space 83968K, 14% used [0x00000000c0000000,0x00000000c0bbd130,0x00000000c5200000)
 PSPermGen       total 21504K, used 7436K [0x00000000b5a00000, 0x00000000b6f00000, 0x00000000c0000000)
  object space 21504K, 34% used [0x00000000b5a00000,0x00000000b6143330,0x00000000b6f00000)
Event: 3.404 GC heap after
Heap after GC invocations=4 (full 0):
 PSYoungGen      total 69632K, used 5093K [0x00000000eaa80000, 0x00000000ef380000, 0x0000000100000000)
  eden space 64512K, 0% used [0x00000000eaa80000,0x00000000eaa80000,0x00000000ee980000)
  from space 5120K, 99% used [0x00000000eee80000,0x00000000ef3795d0,0x00000000ef380000)
  to   space 5120K, 0% used [0x00000000ee980000,0x00000000ee980000,0x00000000eee80000)
 ParOldGen       total 83968K, used 22709K [0x00000000c0000000, 0x00000000c5200000, 0x00000000eaa80000)
  object space 83968K, 27% used [0x00000000c0000000,0x00000000c162d570,0x00000000c5200000)
 PSPermGen       total 21504K, used 7436K [0x00000000b5a00000, 0x00000000b6f00000, 0x00000000c0000000)
  object space 21504K, 34% used [0x00000000b5a00000,0x00000000b6143330,0x00000000b6f00000)
}
Event: 3.802 GC heap before
{Heap before GC invocations=5 (full 0):
 PSYoungGen      total 69632K, used 69605K [0x00000000eaa80000, 0x00000000ef380000, 0x0000000100000000)
  eden space 64512K, 100% used [0x00000000eaa80000,0x00000000ee980000,0x00000000ee980000)
  from space 5120K, 99% used [0x00000000eee80000,0x00000000ef3795d0,0x00000000ef380000)
  to   space 5120K, 0% used [0x00000000ee980000,0x00000000ee980000,0x00000000eee80000)
 ParOldGen       total 83968K, used 22709K [0x00000000c0000000, 0x00000000c5200000, 0x00000000eaa80000)
  object space 83968K, 27% used [0x00000000c0000000,0x00000000c162d570,0x00000000c5200000)
 PSPermGen       total 21504K, used 7447K [0x00000000b5a00000, 0x00000000b6f00000, 0x00000000c0000000)
  object space 21504K, 34% used [0x00000000b5a00000,0x00000000b6145cb8,0x00000000b6f00000)

Deoptimization events (10 events):
Event: 2.394 Thread 0x00007fb04000c000 Uncommon trap: reason=unreached action=reinterpret pc=0x00007fb03c281294 method=com.android.dx.merge.DexMerger$IdMerger.mergeSorted()V @ 261
Event: 2.407 Thread 0x00007fb04000c000 Uncommon trap: reason=predicate action=maybe_recompile pc=0x00007fb03c2781d0 method=com.android.dex.Leb128.readUnsignedLeb128(Lcom/android/dex/util/ByteInput;)I @ 41
Event: 3.093 Thread 0x00007fb04000c000 Uncommon trap: reason=predicate action=maybe_recompile pc=0x00007fb03c2ca0c8 method=java.util.ComparableTimSort.binarySort([Ljava/lang/Object;III)V @ 37
Event: 3.500 Thread 0x00007fb04000c000 Uncommon trap: reason=predicate action=maybe_recompile pc=0x00007fb03c2f3a98 method=java.util.TimSort.binarySort([Ljava/lang/Object;IIILjava/util/Comparator;)V @ 37
Event: 3.574 Thread 0x00007fb04000c000 Uncommon trap: reason=array_check action=maybe_recompile pc=0x00007fb03c2d108c method=java.util.ComparableTimSort.binarySort([Ljava/lang/Object;III)V @ 193
Event: 3.710 Thread 0x00007fb04000c000 Uncommon trap: reason=array_check action=maybe_recompile pc=0x00007fb03c2d108c method=java.util.ComparableTimSort.binarySort([Ljava/lang/Object;III)V @ 193
Event: 3.743 Thread 0x00007fb04000c000 Uncommon trap: reason=array_check action=maybe_recompile pc=0x00007fb03c317914 method=java.util.TimSort.binarySort([Ljava/lang/Object;IIILjava/util/Comparator;)V @ 183
Event: 3.744 Thread 0x00007fb04000c000 Uncommon trap: reason=array_check action=maybe_recompile pc=0x00007fb03c317914 method=java.util.TimSort.binarySort([Ljava/lang/Object;IIILjava/util/Comparator;)V @ 183
Event: 3.744 Thread 0x00007fb04000c000 Uncommon trap: reason=array_check action=maybe_recompile pc=0x00007fb03c3178c8 method=java.util.TimSort.binarySort([Ljava/lang/Object;IIILjava/util/Comparator;)V @ 193
Event: 3.745 Thread 0x00007fb04000c000 Uncommon trap: reason=array_check action=maybe_recompile pc=0x00007fb03c317914 method=java.util.TimSort.binarySort([Ljava/lang/Object;IIILjava/util/Comparator;)V @ 183

Internal exceptions (10 events):
Event: 2.189 Thread 0x00007fb04000c000 Threw 0x00000000eb641c88 at /build/buildd/openjdk-7-7u79-2.5.5/build/openjdk/hotspot/src/share/vm/prims/jvm.cpp:1284
Event: 2.192 Thread 0x00007fb04000c000 Threw 0x00000000eb689a70 at /build/buildd/openjdk-7-7u79-2.5.5/build/openjdk/hotspot/src/share/vm/prims/jvm.cpp:1284
Event: 2.192 Thread 0x00007fb04000c000 Threw 0x00000000eb68ca08 at /build/buildd/openjdk-7-7u79-2.5.5/build/openjdk/hotspot/src/share/vm/prims/jvm.cpp:1284
Event: 2.277 Thread 0x00007fb04000c000 Threw 0x00000000eb738d90 at /build/buildd/openjdk-7-7u79-2.5.5/build/openjdk/hotspot/src/share/vm/prims/jvm.cpp:1284
Event: 2.277 Thread 0x00007fb04000c000 Threw 0x00000000eb738eb8 at /build/buildd/openjdk-7-7u79-2.5.5/build/openjdk/hotspot/src/share/vm/prims/jvm.cpp:1284
Event: 2.277 Thread 0x00007fb04000c000 Threw 0x00000000eb73b568 at /build/buildd/openjdk-7-7u79-2.5.5/build/openjdk/hotspot/src/share/vm/prims/jvm.cpp:1284
Event: 2.277 Thread 0x00007fb04000c000 Threw 0x00000000eb73b690 at /build/buildd/openjdk-7-7u79-2.5.5/build/openjdk/hotspot/src/share/vm/prims/jvm.cpp:1284
Event: 2.277 Thread 0x00007fb04000c000 Threw 0x00000000eb73c090 at /build/buildd/openjdk-7-7u79-2.5.5/build/openjdk/hotspot/src/share/vm/prims/jvm.cpp:1284
Event: 2.277 Thread 0x00007fb04000c000 Threw 0x00000000eb73c1b8 at /build/buildd/openjdk-7-7u79-2.5.5/build/openjdk/hotspot/src/share/vm/prims/jvm.cpp:1284
Event: 2.856 Thread 0x00007fb04000c000 Threw 0x00000000eb015fd8 at /build/buildd/openjdk-7-7u79-2.5.5/build/openjdk/hotspot/src/share/vm/prims/jvm.cpp:1284

Events (10 events):
Event: 3.744 Thread 0x00007fb04000c000 Uncommon trap: trap_request=0xffffffd6 fr.pc=0x00007fb03c317914
Event: 3.744 Thread 0x00007fb04000c000 DEOPT PACKING pc=0x00007fb03c317914 sp=0x00007fb04690e500
Event: 3.744 Thread 0x00007fb04000c000 DEOPT UNPACKING pc=0x00007fb03c1ba445 sp=0x00007fb04690e4d8 mode 2
Event: 3.744 Thread 0x00007fb04000c000 Uncommon trap: trap_request=0xffffffd6 fr.pc=0x00007fb03c3178c8
Event: 3.744 Thread 0x00007fb04000c000 DEOPT PACKING pc=0x00007fb03c3178c8 sp=0x00007fb04690e500
Event: 3.744 Thread 0x00007fb04000c000 DEOPT UNPACKING pc=0x00007fb03c1ba445 sp=0x00007fb04690e4d8 mode 2
Event: 3.745 Thread 0x00007fb04000c000 Uncommon trap: trap_request=0xffffffd6 fr.pc=0x00007fb03c317914
Event: 3.745 Thread 0x00007fb04000c000 DEOPT PACKING pc=0x00007fb03c317914 sp=0x00007fb04690e500
Event: 3.745 Thread 0x00007fb04000c000 DEOPT UNPACKING pc=0x00007fb03c1ba445 sp=0x00007fb04690e4d8 mode 2
Event: 3.802 Executing VM operation: ParallelGCFailedAllocation


Dynamic libraries:
00400000-00401000 r-xp 00000000 08:08 3806419                            /usr/lib/jvm/java-7-openjdk-amd64/jre/bin/java
00600000-00601000 r--p 00000000 08:08 3806419                            /usr/lib/jvm/java-7-openjdk-amd64/jre/bin/java
00601000-00602000 rw-p 00001000 08:08 3806419                            /usr/lib/jvm/java-7-openjdk-amd64/jre/bin/java
013ca000-013eb000 rw-p 00000000 00:00 0                                  [heap]
b5a00000-b6f00000 rw-p 00000000 00:00 0 
b6f00000-c0000000 rw-p 00000000 00:00 0 
c0000000-c5200000 rw-p 00000000 00:00 0 
c5200000-eaa80000 rw-p 00000000 00:00 0 
eaa80000-ef380000 rw-p 00000000 00:00 0 
f4880000-100000000 rw-p 00000000 00:00 0 
7fb000000000-7fb000021000 rw-p 00000000 00:00 0 
7fb000021000-7fb004000000 ---p 00000000 00:00 0 
7fb008000000-7fb008711000 rw-p 00000000 00:00 0 
7fb008711000-7fb00c000000 ---p 00000000 00:00 0 
7fb00c000000-7fb00c021000 rw-p 00000000 00:00 0 
7fb00c021000-7fb010000000 ---p 00000000 00:00 0 
7fb010000000-7fb010021000 rw-p 00000000 00:00 0 
7fb010021000-7fb014000000 ---p 00000000 00:00 0 
7fb014000000-7fb014a27000 rw-p 00000000 00:00 0 
7fb014a27000-7fb018000000 ---p 00000000 00:00 0 
7fb018000000-7fb018021000 rw-p 00000000 00:00 0 
7fb018021000-7fb01c000000 ---p 00000000 00:00 0 
7fb01c000000-7fb01c021000 rw-p 00000000 00:00 0 
7fb01c021000-7fb020000000 ---p 00000000 00:00 0 
7fb020000000-7fb0200e0000 rw-p 00000000 00:00 0 
7fb0200e0000-7fb024000000 ---p 00000000 00:00 0 
7fb024000000-7fb024021000 rw-p 00000000 00:00 0 
7fb024021000-7fb028000000 ---p 00000000 00:00 0 
7fb028da5000-7fb029206000 rw-p 00000000 00:00 0 
7fb029206000-7fb029272000 r-xp 00000000 08:08 655661                     /lib/x86_64-linux-gnu/libpcre.so.3.13.1
7fb029272000-7fb029471000 ---p 0006c000 08:08 655661                     /lib/x86_64-linux-gnu/libpcre.so.3.13.1
7fb029471000-7fb029472000 r--p 0006b000 08:08 655661                     /lib/x86_64-linux-gnu/libpcre.so.3.13.1
7fb029472000-7fb029473000 rw-p 0006c000 08:08 655661                     /lib/x86_64-linux-gnu/libpcre.so.3.13.1
7fb029473000-7fb02947a000 r-xp 00000000 08:08 3670383                    /usr/lib/x86_64-linux-gnu/libffi.so.6.0.4
7fb02947a000-7fb029679000 ---p 00007000 08:08 3670383                    /usr/lib/x86_64-linux-gnu/libffi.so.6.0.4
7fb029679000-7fb02967a000 r--p 00006000 08:08 3670383                    /usr/lib/x86_64-linux-gnu/libffi.so.6.0.4
7fb02967a000-7fb02967b000 rw-p 00007000 08:08 3670383                    /usr/lib/x86_64-linux-gnu/libffi.so.6.0.4
7fb02967b000-7fb029692000 r-xp 00000000 08:08 656425                     /lib/x86_64-linux-gnu/libresolv-2.21.so
7fb029692000-7fb029892000 ---p 00017000 08:08 656425                     /lib/x86_64-linux-gnu/libresolv-2.21.so
7fb029892000-7fb029894000 r--p 00017000 08:08 656425                     /lib/x86_64-linux-gnu/libresolv-2.21.so
7fb029894000-7fb029895000 rw-p 00019000 08:08 656425                     /lib/x86_64-linux-gnu/libresolv-2.21.so
7fb029895000-7fb029897000 rw-p 00000000 00:00 0 
7fb029897000-7fb0298b8000 r-xp 00000000 08:08 656253                     /lib/x86_64-linux-gnu/libselinux.so.1
7fb0298b8000-7fb029ab7000 ---p 00021000 08:08 656253                     /lib/x86_64-linux-gnu/libselinux.so.1
7fb029ab7000-7fb029ab8000 r--p 00020000 08:08 656253                     /lib/x86_64-linux-gnu/libselinux.so.1
7fb029ab8000-7fb029ab9000 rw-p 00021000 08:08 656253                     /lib/x86_64-linux-gnu/libselinux.so.1
7fb029ab9000-7fb029abb000 rw-p 00000000 00:00 0 
7fb029abb000-7fb029abe000 r-xp 00000000 08:08 3670102                    /usr/lib/x86_64-linux-gnu/libgmodule-2.0.so.0.4400.1
7fb029abe000-7fb029cbd000 ---p 00003000 08:08 3670102                    /usr/lib/x86_64-linux-gnu/libgmodule-2.0.so.0.4400.1
7fb029cbd000-7fb029cbe000 r--p 00002000 08:08 3670102                    /usr/lib/x86_64-linux-gnu/libgmodule-2.0.so.0.4400.1
7fb029cbe000-7fb029cbf000 rw-p 00003000 08:08 3670102                    /usr/lib/x86_64-linux-gnu/libgmodule-2.0.so.0.4400.1
7fb029cbf000-7fb029dcc000 r-xp 00000000 08:08 655538                     /lib/x86_64-linux-gnu/libglib-2.0.so.0.4400.1
7fb029dcc000-7fb029fcb000 ---p 0010d000 08:08 655538                     /lib/x86_64-linux-gnu/libglib-2.0.so.0.4400.1
7fb029fcb000-7fb029fcc000 r--p 0010c000 08:08 655538                     /lib/x86_64-linux-gnu/libglib-2.0.so.0.4400.1
7fb029fcc000-7fb029fcd000 rw-p 0010d000 08:08 655538                     /lib/x86_64-linux-gnu/libglib-2.0.so.0.4400.1
7fb029fcd000-7fb029fce000 rw-p 00000000 00:00 0 
7fb029fce000-7fb02a01e000 r-xp 00000000 08:08 3670065                    /usr/lib/x86_64-linux-gnu/libgobject-2.0.so.0.4400.1
7fb02a01e000-7fb02a21e000 ---p 00050000 08:08 3670065                    /usr/lib/x86_64-linux-gnu/libgobject-2.0.so.0.4400.1
7fb02a21e000-7fb02a21f000 r--p 00050000 08:08 3670065                    /usr/lib/x86_64-linux-gnu/libgobject-2.0.so.0.4400.1
7fb02a21f000-7fb02a220000 rw-p 00051000 08:08 3670065                    /usr/lib/x86_64-linux-gnu/libgobject-2.0.so.0.4400.1
7fb02a220000-7fb02a398000 r-xp 00000000 08:08 3670077                    /usr/lib/x86_64-linux-gnu/libgio-2.0.so.0.4400.1
7fb02a398000-7fb02a598000 ---p 00178000 08:08 3670077                    /usr/lib/x86_64-linux-gnu/libgio-2.0.so.0.4400.1
7fb02a598000-7fb02a59c000 r--p 00178000 08:08 3670077                    /usr/lib/x86_64-linux-gnu/libgio-2.0.so.0.4400.1
7fb02a59c000-7fb02a59e000 rw-p 0017c000 08:08 3670077                    /usr/lib/x86_64-linux-gnu/libgio-2.0.so.0.4400.1
7fb02a59e000-7fb02a5a0000 rw-p 00000000 00:00 0 
7fb02a5a0000-7fb02a5b7000 r-xp 00000000 08:08 3682452                    /usr/lib/jvm/java-7-openjdk-amd64/jre/lib/amd64/libnet.so
7fb02a5b7000-7fb02a7b6000 ---p 00017000 08:08 3682452                    /usr/lib/jvm/java-7-openjdk-amd64/jre/lib/amd64/libnet.so
7fb02a7b6000-7fb02a7b7000 r--p 00016000 08:08 3682452                    /usr/lib/jvm/java-7-openjdk-amd64/jre/lib/amd64/libnet.so
7fb02a7b7000-7fb02a7b8000 rw-p 00017000 08:08 3682452                    /usr/lib/jvm/java-7-openjdk-amd64/jre/lib/amd64/libnet.so
7fb02a7b8000-7fb02a7c9000 r-xp 00000000 08:08 3682442                    /usr/lib/jvm/java-7-openjdk-amd64/jre/lib/amd64/libnio.so
7fb02a7c9000-7fb02a9c8000 ---p 00011000 08:08 3682442                    /usr/lib/jvm/java-7-openjdk-amd64/jre/lib/amd64/libnio.so
7fb02a9c8000-7fb02a9c9000 r--p 00010000 08:08 3682442                    /usr/lib/jvm/java-7-openjdk-amd64/jre/lib/amd64/libnio.so
7fb02a9c9000-7fb02a9ca000 rw-p 00011000 08:08 3682442                    /usr/lib/jvm/java-7-openjdk-amd64/jre/lib/amd64/libnio.so
7fb02a9ca000-7fb02a9cb000 ---p 00000000 00:00 0 
7fb02a9cb000-7fb02aacb000 rw-p 00000000 00:00 0                          [stack:11387]
7fb02aacb000-7fb02aace000 ---p 00000000 00:00 0 
7fb02aace000-7fb02abcc000 rw-p 00000000 00:00 0                          [stack:11386]
7fb02abcc000-7fb02abcf000 ---p 00000000 00:00 0 
7fb02abcf000-7fb02accd000 rw-p 00000000 00:00 0                          [stack:11385]
7fb02accd000-7fb02acd0000 ---p 00000000 00:00 0 
7fb02acd0000-7fb02adce000 rw-p 00000000 00:00 0                          [stack:11384]
7fb02adce000-7fb02add3000 r-xp 00000000 08:08 3672170                    /usr/lib/x86_64-linux-gnu/libXdmcp.so.6.0.0
7fb02add3000-7fb02afd2000 ---p 00005000 08:08 3672170                    /usr/lib/x86_64-linux-gnu/libXdmcp.so.6.0.0
7fb02afd2000-7fb02afd3000 r--p 00004000 08:08 3672170                    /usr/lib/x86_64-linux-gnu/libXdmcp.so.6.0.0
7fb02afd3000-7fb02afd4000 rw-p 00005000 08:08 3672170                    /usr/lib/x86_64-linux-gnu/libXdmcp.so.6.0.0
7fb02afd4000-7fb02afd6000 r-xp 00000000 08:08 3678633                    /usr/lib/x86_64-linux-gnu/libXau.so.6.0.0
7fb02afd6000-7fb02b1d6000 ---p 00002000 08:08 3678633                    /usr/lib/x86_64-linux-gnu/libXau.so.6.0.0
7fb02b1d6000-7fb02b1d7000 r--p 00002000 08:08 3678633                    /usr/lib/x86_64-linux-gnu/libXau.so.6.0.0
7fb02b1d7000-7fb02b1d8000 rw-p 00003000 08:08 3678633                    /usr/lib/x86_64-linux-gnu/libXau.so.6.0.0
7fb02b1d8000-7fb02b1f5000 r-xp 00000000 08:08 3679703                    /usr/lib/x86_64-linux-gnu/libxcb.so.1.1.0
7fb02b1f5000-7fb02b3f5000 ---p 0001d000 08:08 3679703                    /usr/lib/x86_64-linux-gnu/libxcb.so.1.1.0
7fb02b3f5000-7fb02b3f6000 r--p 0001d000 08:08 3679703                    /usr/lib/x86_64-linux-gnu/libxcb.so.1.1.0
7fb02b3f6000-7fb02b3f7000 rw-p 0001e000 08:08 3679703                    /usr/lib/x86_64-linux-gnu/libxcb.so.1.1.0
7fb02b3f7000-7fb02b52a000 r-xp 00000000 08:08 3671108                    /usr/lib/x86_64-linux-gnu/libX11.so.6.3.0
7fb02b52a000-7fb02b72a000 ---p 00133000 08:08 3671108                    /usr/lib/x86_64-linux-gnu/libX11.so.6.3.0
7fb02b72a000-7fb02b72b000 r--p 00133000 08:08 3671108                    /usr/lib/x86_64-linux-gnu/libX11.so.6.3.0
7fb02b72b000-7fb02b72f000 rw-p 00134000 08:08 3671108                    /usr/lib/x86_64-linux-gnu/libX11.so.6.3.0
7fb02b72f000-7fb02b730000 rw-p 00000000 00:00 0 
7fb02b730000-7fb02b732000 r-xp 00000000 08:08 3674469                    /usr/lib/jayatana/libjayatanaag.so
7fb02b732000-7fb02b931000 ---p 00002000 08:08 3674469                    /usr/lib/jayatana/libjayatanaag.so
7fb02b931000-7fb02b932000 r--p 00001000 08:08 3674469                    /usr/lib/jayatana/libjayatanaag.so
7fb02b932000-7fb02b933000 rw-p 00002000 08:08 3674469                    /usr/lib/jayatana/libjayatanaag.so
7fb02b933000-7fb02b936000 ---p 00000000 00:00 0 
7fb02b936000-7fb02ba34000 rw-p 00000000 00:00 0                          [stack:11383]
7fb02ba34000-7fb02bcfd000 r--p 00000000 08:08 3670890                    /usr/lib/locale/locale-archive
7fb02bcfd000-7fb02bd00000 ---p 00000000 00:00 0 
7fb02bd00000-7fb02bdfe000 rw-p 00000000 00:00 0                          [stack:11382]
7fb02bdfe000-7fb02be01000 ---p 00000000 00:00 0 
7fb02be01000-7fb02beff000 rw-p 00000000 00:00 0                          [stack:11381]
7fb02beff000-7fb02bf00000 ---p 00000000 00:00 0 
7fb02bf00000-7fb02c000000 rw-p 00000000 00:00 0                          [stack:11380]
7fb02c000000-7fb02c021000 rw-p 00000000 00:00 0 
7fb02c021000-7fb030000000 ---p 00000000 00:00 0 
7fb030000000-7fb030021000 rw-p 00000000 00:00 0 
7fb030021000-7fb034000000 ---p 00000000 00:00 0 
7fb034000000-7fb034021000 rw-p 00000000 00:00 0 
7fb034021000-7fb038000000 ---p 00000000 00:00 0 
7fb038076000-7fb038fce000 rw-p 00000000 00:00 0 
7fb038fce000-7fb03917f000 r--s 01d27000 08:08 3682065                    /usr/lib/jvm/java-7-openjdk-amd64/jre/lib/rt.jar
7fb03917f000-7fb03b9d3000 rw-p 00000000 00:00 0 
7fb03b9d3000-7fb03b9d4000 ---p 00000000 00:00 0 
7fb03b9d4000-7fb03bad4000 rw-p 00000000 00:00 0                          [stack:11379]
7fb03bad4000-7fb03bad5000 ---p 00000000 00:00 0 
7fb03bad5000-7fb03bbd5000 rw-p 00000000 00:00 0                          [stack:11378]
7fb03bbd5000-7fb03bbd6000 ---p 00000000 00:00 0 
7fb03bbd6000-7fb03bcd6000 rw-p 00000000 00:00 0                          [stack:11377]
7fb03bcd6000-7fb03bcd7000 ---p 00000000 00:00 0 
7fb03bcd7000-7fb03be00000 rw-p 00000000 00:00 0                          [stack:11376]
7fb03be00000-7fb03bf2d000 rw-p 00000000 00:00 0 
7fb03bf2d000-7fb03bf38000 rw-p 00000000 00:00 0 
7fb03bf38000-7fb03bf80000 rw-p 00000000 00:00 0 
7fb03bf80000-7fb03bfa9000 rw-p 00000000 00:00 0 
7fb03bfa9000-7fb03c0d5000 rw-p 00000000 00:00 0 
7fb03c0d5000-7fb03c0fa000 rw-p 00000000 00:00 0 
7fb03c0fa000-7fb03c180000 rw-p 00000000 00:00 0 
7fb03c180000-7fb03c181000 rw-p 00000000 00:00 0 
7fb03c181000-7fb03c3f1000 rwxp 00000000 00:00 0 
7fb03c3f1000-7fb03f181000 rw-p 00000000 00:00 0 
7fb03f181000-7fb03f189000 r-xp 00000000 08:08 3682441                    /usr/lib/jvm/java-7-openjdk-amd64/jre/lib/amd64/libzip.so
7fb03f189000-7fb03f388000 ---p 00008000 08:08 3682441                    /usr/lib/jvm/java-7-openjdk-amd64/jre/lib/amd64/libzip.so
7fb03f388000-7fb03f389000 r--p 00007000 08:08 3682441                    /usr/lib/jvm/java-7-openjdk-amd64/jre/lib/amd64/libzip.so
7fb03f389000-7fb03f38a000 rw-p 00008000 08:08 3682441                    /usr/lib/jvm/java-7-openjdk-amd64/jre/lib/amd64/libzip.so
7fb03f38a000-7fb03f396000 r-xp 00000000 08:08 656426                     /lib/x86_64-linux-gnu/libnss_files-2.21.so
7fb03f396000-7fb03f595000 ---p 0000c000 08:08 656426                     /lib/x86_64-linux-gnu/libnss_files-2.21.so
7fb03f595000-7fb03f596000 r--p 0000b000 08:08 656426                     /lib/x86_64-linux-gnu/libnss_files-2.21.so
7fb03f596000-7fb03f597000 rw-p 0000c000 08:08 656426                     /lib/x86_64-linux-gnu/libnss_files-2.21.so
7fb03f597000-7fb03f5a2000 r-xp 00000000 08:08 656219                     /lib/x86_64-linux-gnu/libnss_nis-2.21.so
7fb03f5a2000-7fb03f7a1000 ---p 0000b000 08:08 656219                     /lib/x86_64-linux-gnu/libnss_nis-2.21.so
7fb03f7a1000-7fb03f7a2000 r--p 0000a000 08:08 656219                     /lib/x86_64-linux-gnu/libnss_nis-2.21.so
7fb03f7a2000-7fb03f7a3000 rw-p 0000b000 08:08 656219                     /lib/x86_64-linux-gnu/libnss_nis-2.21.so
7fb03f7a3000-7fb03f7ba000 r-xp 00000000 08:08 656432                     /lib/x86_64-linux-gnu/libnsl-2.21.so
7fb03f7ba000-7fb03f9b9000 ---p 00017000 08:08 656432                     /lib/x86_64-linux-gnu/libnsl-2.21.so
7fb03f9b9000-7fb03f9ba000 r--p 00016000 08:08 656432                     /lib/x86_64-linux-gnu/libnsl-2.21.so
7fb03f9ba000-7fb03f9bb000 rw-p 00017000 08:08 656432                     /lib/x86_64-linux-gnu/libnsl-2.21.so
7fb03f9bb000-7fb03f9bd000 rw-p 00000000 00:00 0 
7fb03f9bd000-7fb03f9c5000 r-xp 00000000 08:08 656428                     /lib/x86_64-linux-gnu/libnss_compat-2.21.so
7fb03f9c5000-7fb03fbc4000 ---p 00008000 08:08 656428                     /lib/x86_64-linux-gnu/libnss_compat-2.21.so
7fb03fbc4000-7fb03fbc5000 r--p 00007000 08:08 656428                     /lib/x86_64-linux-gnu/libnss_compat-2.21.so
7fb03fbc5000-7fb03fbc6000 rw-p 00008000 08:08 656428                     /lib/x86_64-linux-gnu/libnss_compat-2.21.so
7fb03fbc6000-7fb03fbd0000 r-xp 00000000 08:08 3682429                    /usr/lib/jvm/java-7-openjdk-amd64/jre/lib/amd64/libinstrument.so
7fb03fbd0000-7fb03fdcf000 ---p 0000a000 08:08 3682429                    /usr/lib/jvm/java-7-openjdk-amd64/jre/lib/amd64/libinstrument.so
7fb03fdcf000-7fb03fdd0000 r--p 00009000 08:08 3682429                    /usr/lib/jvm/java-7-openjdk-amd64/jre/lib/amd64/libinstrument.so
7fb03fdd0000-7fb03fdd1000 rw-p 0000a000 08:08 3682429                    /usr/lib/jvm/java-7-openjdk-amd64/jre/lib/amd64/libinstrument.so
7fb03fdd1000-7fb03fdfe000 r-xp 00000000 08:08 3682450                    /usr/lib/jvm/java-7-openjdk-amd64/jre/lib/amd64/libjava.so
7fb03fdfe000-7fb03fffd000 ---p 0002d000 08:08 3682450                    /usr/lib/jvm/java-7-openjdk-amd64/jre/lib/amd64/libjava.so
7fb03fffd000-7fb03fffe000 r--p 0002c000 08:08 3682450                    /usr/lib/jvm/java-7-openjdk-amd64/jre/lib/amd64/libjava.so
7fb03fffe000-7fb040000000 rw-p 0002d000 08:08 3682450                    /usr/lib/jvm/java-7-openjdk-amd64/jre/lib/amd64/libjava.so
7fb040000000-7fb04032d000 rw-p 00000000 00:00 0 
7fb04032d000-7fb044000000 ---p 00000000 00:00 0 
7fb04400b000-7fb044010000 r--s 0004d000 08:08 3682421                    /usr/lib/jvm/java-7-openjdk-amd64/jre/lib/jsse.jar
7fb044010000-7fb04401f000 r--s 000dd000 00:27 2640629                    /home/pedram/Android/Sdk/build-tools/22.0.0/lib/dx.jar
7fb04401f000-7fb04402a000 rw-p 00000000 00:00 0 
7fb04402a000-7fb044072000 rw-p 00000000 00:00 0 
7fb044072000-7fb044081000 r-xp 00000000 08:08 3682444                    /usr/lib/jvm/java-7-openjdk-amd64/jre/lib/amd64/libverify.so
7fb044081000-7fb044280000 ---p 0000f000 08:08 3682444                    /usr/lib/jvm/java-7-openjdk-amd64/jre/lib/amd64/libverify.so
7fb044280000-7fb044283000 r--p 0000e000 08:08 3682444                    /usr/lib/jvm/java-7-openjdk-amd64/jre/lib/amd64/libverify.so
7fb044283000-7fb044284000 rw-p 00011000 08:08 3682444                    /usr/lib/jvm/java-7-openjdk-amd64/jre/lib/amd64/libverify.so
7fb044284000-7fb04428b000 r-xp 00000000 08:08 656433                     /lib/x86_64-linux-gnu/librt-2.21.so
7fb04428b000-7fb04448a000 ---p 00007000 08:08 656433                     /lib/x86_64-linux-gnu/librt-2.21.so
7fb04448a000-7fb04448b000 r--p 00006000 08:08 656433                     /lib/x86_64-linux-gnu/librt-2.21.so
7fb04448b000-7fb04448c000 rw-p 00007000 08:08 656433                     /lib/x86_64-linux-gnu/librt-2.21.so
7fb04448c000-7fb0444a2000 r-xp 00000000 08:08 655659                     /lib/x86_64-linux-gnu/libgcc_s.so.1
7fb0444a2000-7fb0446a1000 ---p 00016000 08:08 655659                     /lib/x86_64-linux-gnu/libgcc_s.so.1
7fb0446a1000-7fb0446a2000 rw-p 00015000 08:08 655659                     /lib/x86_64-linux-gnu/libgcc_s.so.1
7fb0446a2000-7fb0447a9000 r-xp 00000000 08:08 656431                     /lib/x86_64-linux-gnu/libm-2.21.so
7fb0447a9000-7fb0449a8000 ---p 00107000 08:08 656431                     /lib/x86_64-linux-gnu/libm-2.21.so
7fb0449a8000-7fb0449a9000 r--p 00106000 08:08 656431                     /lib/x86_64-linux-gnu/libm-2.21.so
7fb0449a9000-7fb0449aa000 rw-p 00107000 08:08 656431                     /lib/x86_64-linux-gnu/libm-2.21.so
7fb0449aa000-7fb044a9a000 r-xp 00000000 08:08 3673813                    /usr/lib/x86_64-linux-gnu/libstdc++.so.6.0.20
7fb044a9a000-7fb044c9a000 ---p 000f0000 08:08 3673813                    /usr/lib/x86_64-linux-gnu/libstdc++.so.6.0.20
7fb044c9a000-7fb044ca2000 r--p 000f0000 08:08 3673813                    /usr/lib/x86_64-linux-gnu/libstdc++.so.6.0.20
7fb044ca2000-7fb044ca4000 rw-p 000f8000 08:08 3673813                    /usr/lib/x86_64-linux-gnu/libstdc++.so.6.0.20
7fb044ca4000-7fb044cb9000 rw-p 00000000 00:00 0 
7fb044cb9000-7fb045810000 r-xp 00000000 08:08 3806407                    /usr/lib/jvm/java-7-openjdk-amd64/jre/lib/amd64/server/libjvm.so
7fb045810000-7fb045a0f000 ---p 00b57000 08:08 3806407                    /usr/lib/jvm/java-7-openjdk-amd64/jre/lib/amd64/server/libjvm.so
7fb045a0f000-7fb045aae000 r--p 00b56000 08:08 3806407                    /usr/lib/jvm/java-7-openjdk-amd64/jre/lib/amd64/server/libjvm.so
7fb045aae000-7fb045ad1000 rw-p 00bf5000 08:08 3806407                    /usr/lib/jvm/java-7-openjdk-amd64/jre/lib/amd64/server/libjvm.so
7fb045ad1000-7fb045afe000 rw-p 00000000 00:00 0 
7fb045afe000-7fb045b17000 r-xp 00000000 08:08 655648                     /lib/x86_64-linux-gnu/libz.so.1.2.8
7fb045b17000-7fb045d17000 ---p 00019000 08:08 655648                     /lib/x86_64-linux-gnu/libz.so.1.2.8
7fb045d17000-7fb045d18000 r--p 00019000 08:08 655648                     /lib/x86_64-linux-gnu/libz.so.1.2.8
7fb045d18000-7fb045d19000 rw-p 0001a000 08:08 655648                     /lib/x86_64-linux-gnu/libz.so.1.2.8
7fb045d19000-7fb045d31000 r-xp 00000000 08:08 656423                     /lib/x86_64-linux-gnu/libpthread-2.21.so
7fb045d31000-7fb045f31000 ---p 00018000 08:08 656423                     /lib/x86_64-linux-gnu/libpthread-2.21.so
7fb045f31000-7fb045f32000 r--p 00018000 08:08 656423                     /lib/x86_64-linux-gnu/libpthread-2.21.so
7fb045f32000-7fb045f33000 rw-p 00019000 08:08 656423                     /lib/x86_64-linux-gnu/libpthread-2.21.so
7fb045f33000-7fb045f37000 rw-p 00000000 00:00 0 
7fb045f37000-7fb045f3a000 r-xp 00000000 08:08 656419                     /lib/x86_64-linux-gnu/libdl-2.21.so
7fb045f3a000-7fb046139000 ---p 00003000 08:08 656419                     /lib/x86_64-linux-gnu/libdl-2.21.so
7fb046139000-7fb04613a000 r--p 00002000 08:08 656419                     /lib/x86_64-linux-gnu/libdl-2.21.so
7fb04613a000-7fb04613b000 rw-p 00003000 08:08 656419                     /lib/x86_64-linux-gnu/libdl-2.21.so
7fb04613b000-7fb0462fb000 r-xp 00000000 08:08 656436                     /lib/x86_64-linux-gnu/libc-2.21.so
7fb0462fb000-7fb0464fb000 ---p 001c0000 08:08 656436                     /lib/x86_64-linux-gnu/libc-2.21.so
7fb0464fb000-7fb0464ff000 r--p 001c0000 08:08 656436                     /lib/x86_64-linux-gnu/libc-2.21.so
7fb0464ff000-7fb046501000 rw-p 001c4000 08:08 656436                     /lib/x86_64-linux-gnu/libc-2.21.so
7fb046501000-7fb046505000 rw-p 00000000 00:00 0 
7fb046505000-7fb046512000 r-xp 00000000 08:08 3806409                    /usr/lib/jvm/java-7-openjdk-amd64/jre/lib/amd64/jli/libjli.so
7fb046512000-7fb046711000 ---p 0000d000 08:08 3806409                    /usr/lib/jvm/java-7-openjdk-amd64/jre/lib/amd64/jli/libjli.so
7fb046711000-7fb046712000 r--p 0000c000 08:08 3806409                    /usr/lib/jvm/java-7-openjdk-amd64/jre/lib/amd64/jli/libjli.so
7fb046712000-7fb046713000 rw-p 0000d000 08:08 3806409                    /usr/lib/jvm/java-7-openjdk-amd64/jre/lib/amd64/jli/libjli.so
7fb046713000-7fb046737000 r-xp 00000000 08:08 656422                     /lib/x86_64-linux-gnu/ld-2.21.so
7fb046737000-7fb046759000 rw-p 00000000 00:00 0 
7fb046759000-7fb04680f000 rw-p 00000000 00:00 0 
7fb04680f000-7fb046812000 ---p 00000000 00:00 0 
7fb046812000-7fb046916000 rw-p 00000000 00:00 0                          [stack:11375]
7fb046916000-7fb046917000 r--s 00000000 08:08 4065635                    /usr/share/java/jayatanaag.jar
7fb046917000-7fb046918000 r--s 00002000 08:08 3806414                    /usr/lib/jvm/java-7-openjdk-amd64/jre/lib/ext/dnsns.jar
7fb046918000-7fb04691a000 r--s 00012000 08:08 3806411                    /usr/lib/jvm/java-7-openjdk-amd64/jre/lib/ext/zipfs.jar
7fb04691a000-7fb04691e000 r--s 00034000 08:08 3806412                    /usr/lib/jvm/java-7-openjdk-amd64/jre/lib/ext/sunjce_provider.jar
7fb04691e000-7fb046922000 r--s 0003c000 08:08 3806413                    /usr/lib/jvm/java-7-openjdk-amd64/jre/lib/ext/sunpkcs11.jar
7fb046922000-7fb046924000 r--s 00006000 08:08 4072860                    /usr/share/java/java-atk-wrapper.jar
7fb046924000-7fb046927000 r--s 00086000 08:08 3806415                    /usr/lib/jvm/java-7-openjdk-amd64/jre/lib/ext/localedata.jar
7fb046927000-7fb04692a000 r--s 0000f000 08:08 3806410                    /usr/lib/jvm/java-7-openjdk-amd64/jre/lib/ext/icedtea-sound.jar
7fb04692a000-7fb046932000 rw-s 00000000 08:08 3955680                    /tmp/hsperfdata_pedram/11369
7fb046932000-7fb046933000 rw-p 00000000 00:00 0 
7fb046933000-7fb046934000 ---p 00000000 00:00 0 
7fb046934000-7fb046936000 rw-p 00000000 00:00 0 
7fb046936000-7fb046937000 r--p 00023000 08:08 656422                     /lib/x86_64-linux-gnu/ld-2.21.so
7fb046937000-7fb046938000 rw-p 00024000 08:08 656422                     /lib/x86_64-linux-gnu/ld-2.21.so
7fb046938000-7fb046939000 rw-p 00000000 00:00 0 
7ffd9974d000-7ffd9976f000 rw-p 00000000 00:00 0                          [stack]
7ffd997ea000-7ffd997ec000 r--p 00000000 00:00 0                          [vvar]
7ffd997ec000-7ffd997ee000 r-xp 00000000 00:00 0                          [vdso]
ffffffffff600000-ffffffffff601000 r-xp 00000000 00:00 0                  [vsyscall]

VM Arguments:
jvm_args: -javaagent:/usr/share/java/jayatanaag.jar -Xmx1024M -Dfile.encoding=UTF-8 -Duser.country=CA -Duser.language=en -Duser.variant 
java_command: com.android.dx.command.Main --dex --output /home/pedram/Dropbox/Programming/AndroidWorkspace/SpotifyStreamer/app/build/intermediates/dex/debug /home/pedram/Dropbox/Programming/AndroidWorkspace/SpotifyStreamer/app/build/intermediates/classes/debug /home/pedram/Dropbox/Programming/AndroidWorkspace/SpotifyStreamer/app/build/intermediates/pre-dexed/debug/support-annotations-22.2.0-dcd8fd7ac91e976d08ad474646ed47c28c4185a3.jar /home/pedram/Dropbox/Programming/AndroidWorkspace/SpotifyStreamer/app/build/intermediates/pre-dexed/debug/classes-5f6600f5d58d3bc27d912fd4306cd442ee1dd258.jar /home/pedram/Dropbox/Programming/AndroidWorkspace/SpotifyStreamer/app/build/intermediates/pre-dexed/debug/classes-be06b659dffedc2342abc34a8c95e4c28f99bd9b.jar /home/pedram/Dropbox/Programming/AndroidWorkspace/SpotifyStreamer/app/build/intermediates/pre-dexed/debug/okio-1.2.0-91e0ba1ed38a69454c4662d7d0efa3635e708a02.jar /home/pedram/Dropbox/Programming/AndroidWorkspace/SpotifyStreamer/app/build/intermediates/pre-dexed/debug/retrofit-1.9.0-5071423bb3fed08a85c6112893614173454791d2.jar /home/pedram/Dropbox/Programming/AndroidWorkspace/SpotifyStreamer/app/build/intermediates/pre-dexed/debug/picasso-2.5.2-04112096ac0b158f4e8eeb5cf43d1832493ca002.jar /home/pedram/Dropbox/Programming/AndroidWorkspace/SpotifyStreamer/app/build/intermediates/pre-dexed/debug/gson-2.3.1-f22b8e9160da2c51c2ba66fde0640b2ff9d3085f.jar /home/pedram/Dropbox/Programming/AndroidWorkspace/SpotifyStreamer/app/build/intermediates/pre-dexed/debug/classes-de024993434abefefdf7dcb64c1a8e4fb7923dcb.jar /home/pedram/Dropbox/Programming/AndroidWorkspace/SpotifyStreamer/app/build/intermediates/pre-dexed/debug/internal_impl-22.2.0-052f110d25d80da8ed07fb388c57755f271a0ea8.jar /home/pedram/Dropbox/Programming/AndroidWorkspace/SpotifyStreamer/app/build/intermediates/pre-dexed/debug/okhttp-2.2.0-9edaa792c6829ebc30ce25b4466be3cb17421b68.jar /home/pedram/Dropbox/Programming/AndroidWorkspace/SpotifyStreamer/app/build/intermediates/p
Launcher Type: SUN_STANDARD

Environment Variables:
JAVA_HOME=/usr/lib/jvm/java-8-oracle
JAVA_TOOL_OPTIONS=-javaagent:/usr/share/java/jayatanaag.jar 
PATH=/usr/local/sbin:/usr/local/bin:/usr/sbin:/usr/bin:/sbin:/bin:/usr/games:/usr/local/games:/usr/lib/jvm/java-8-oracle/bin:/usr/lib/jvm/java-8-oracle/db/bin:/usr/lib/jvm/java-8-oracle/jre/bin
LD_LIBRARY_PATH=/home/pedram/Desktop/Android Development/android-studio/bin:
SHELL=/bin/bash
DISPLAY=:0

Signal Handlers:
SIGSEGV: [libjvm.so+0x98abe0], sa_mask[0]=0x7ffbfeff, sa_flags=0x10000004
SIGBUS: [libjvm.so+0x98abe0], sa_mask[0]=0x7ffbfeff, sa_flags=0x10000004
SIGFPE: [libjvm.so+0x7f8a60], sa_mask[0]=0x7ffbfeff, sa_flags=0x10000004
SIGPIPE: [libjvm.so+0x7f8a60], sa_mask[0]=0x7ffbfeff, sa_flags=0x10000004
SIGXFSZ: [libjvm.so+0x7f8a60], sa_mask[0]=0x7ffbfeff, sa_flags=0x10000004
SIGILL: [libjvm.so+0x7f8a60], sa_mask[0]=0x7ffbfeff, sa_flags=0x10000004
SIGUSR1: SIG_DFL, sa_mask[0]=0x00000000, sa_flags=0x00000000
SIGUSR2: [libjvm.so+0x7f88e0], sa_mask[0]=0x00000004, sa_flags=0x10000004
SIGHUP: [libjvm.so+0x7f8ae0], sa_mask[0]=0x7ffbfeff, sa_flags=0x10000004
SIGINT: [libjvm.so+0x7f8ae0], sa_mask[0]=0x7ffbfeff, sa_flags=0x10000004
SIGTERM: [libjvm.so+0x7f8ae0], sa_mask[0]=0x7ffbfeff, sa_flags=0x10000004
SIGQUIT: [libjvm.so+0x7f8ae0], sa_mask[0]=0x7ffbfeff, sa_flags=0x10000004
SIGTRAP: SIG_DFL, sa_mask[0]=0x00000000, sa_flags=0x00000000


---------------  S Y S T E M  ---------------

OS:Ubuntu 15.04 (vivid)
uname:Linux 3.19.0-22-generic #22-Ubuntu SMP Tue Jun 16 17:15:15 UTC 2015 x86_64
libc:glibc 2.21 NPTL 2.21 
rlimit: STACK 8192k, CORE 0k, NPROC 30220, NOFILE 65536, AS infinity
load average:5.13 6.21 4.14

/proc/meminfo:
MemTotal:        8078760 kB
MemFree:          124232 kB
MemAvailable:      82040 kB
Buffers:             272 kB
Cached:          2356808 kB
SwapCached:            0 kB
Active:          5635244 kB
Inactive:        2070628 kB
Active(anon):    5631156 kB
Inactive(anon):  2054060 kB
Active(file):       4088 kB
Inactive(file):    16568 kB
Unevictable:          32 kB
Mlocked:              32 kB
SwapTotal:             0 kB
SwapFree:              0 kB
Dirty:              1640 kB
Writeback:             8 kB
AnonPages:       5349748 kB
Mapped:          1193640 kB
Shmem:           2335500 kB
Slab:             126052 kB
SReclaimable:      63896 kB
SUnreclaim:        62156 kB
KernelStack:       11632 kB
PageTables:        52052 kB
NFS_Unstable:          0 kB
Bounce:                0 kB
WritebackTmp:          0 kB
CommitLimit:     4039380 kB
Committed_AS:   14646932 kB
VmallocTotal:   34359738367 kB
VmallocUsed:      370280 kB
VmallocChunk:   34359357432 kB
HardwareCorrupted:     0 kB
AnonHugePages:   2795520 kB
CmaTotal:              0 kB
CmaFree:               0 kB
HugePages_Total:       0
HugePages_Free:        0
HugePages_Rsvd:        0
HugePages_Surp:        0
Hugepagesize:       2048 kB
DirectMap4k:      156832 kB
DirectMap2M:     7086080 kB
DirectMap1G:     2097152 kB


CPU:total 4 (2 cores per cpu, 2 threads per core) family 6 model 61 stepping 4, cmov, cx8, fxsr, mmx, sse, sse2, sse3, ssse3, sse4.1, sse4.2, popcnt, avx, avx2, aes, erms, ht, tsc, tscinvbit

/proc/cpuinfo:
processor	: 0
vendor_id	: GenuineIntel
cpu family	: 6
model		: 61
model name	: Intel(R) Core(TM) i5-5200U CPU @ 2.20GHz
stepping	: 4
microcode	: 0x1f
cpu MHz		: 2200.000
cache size	: 3072 KB
physical id	: 0
siblings	: 4
core id		: 0
cpu cores	: 2
apicid		: 0
initial apicid	: 0
fpu		: yes
fpu_exception	: yes
cpuid level	: 20
wp		: yes
flags		: fpu vme de pse tsc msr pae mce cx8 apic sep mtrr pge mca cmov pat pse36 clflush dts acpi mmx fxsr sse sse2 ss ht tm pbe syscall nx pdpe1gb rdtscp lm constant_tsc arch_perfmon pebs bts rep_good nopl xtopology nonstop_tsc aperfmperf eagerfpu pni pclmulqdq dtes64 monitor ds_cpl vmx est tm2 ssse3 fma cx16 xtpr pdcm pcid sse4_1 sse4_2 x2apic movbe popcnt tsc_deadline_timer aes xsave avx f16c rdrand lahf_lm abm 3dnowprefetch ida arat epb pln pts dtherm tpr_shadow vnmi flexpriority ept vpid fsgsbase tsc_adjust bmi1 avx2 smep bmi2 erms invpcid rdseed adx smap xsaveopt
bugs		:
bogomips	: 4389.52
clflush size	: 64
cache_alignment	: 64
address sizes	: 39 bits physical, 48 bits virtual
power management:

processor	: 1
vendor_id	: GenuineIntel
cpu family	: 6
model		: 61
model name	: Intel(R) Core(TM) i5-5200U CPU @ 2.20GHz
stepping	: 4
microcode	: 0x1f
cpu MHz		: 2200.000
cache size	: 3072 KB
physical id	: 0
siblings	: 4
core id		: 1
cpu cores	: 2
apicid		: 2
initial apicid	: 2
fpu		: yes
fpu_exception	: yes
cpuid level	: 20
wp		: yes
flags		: fpu vme de pse tsc msr pae mce cx8 apic sep mtrr pge mca cmov pat pse36 clflush dts acpi mmx fxsr sse sse2 ss ht tm pbe syscall nx pdpe1gb rdtscp lm constant_tsc arch_perfmon pebs bts rep_good nopl xtopology nonstop_tsc aperfmperf eagerfpu pni pclmulqdq dtes64 monitor ds_cpl vmx est tm2 ssse3 fma cx16 xtpr pdcm pcid sse4_1 sse4_2 x2apic movbe popcnt tsc_deadline_timer aes xsave avx f16c rdrand lahf_lm abm 3dnowprefetch ida arat epb pln pts dtherm tpr_shadow vnmi flexpriority ept vpid fsgsbase tsc_adjust bmi1 avx2 smep bmi2 erms invpcid rdseed adx smap xsaveopt
bugs		:
bogomips	: 4389.52
clflush size	: 64
cache_alignment	: 64
address sizes	: 39 bits physical, 48 bits virtual
power management:

processor	: 2
vendor_id	: GenuineIntel
cpu family	: 6
model		: 61
model name	: Intel(R) Core(TM) i5-5200U CPU @ 2.20GHz
stepping	: 4
microcode	: 0x1f
cpu MHz		: 2199.914
cache size	: 3072 KB
physical id	: 0
siblings	: 4
core id		: 0
cpu cores	: 2
apicid		: 1
initial apicid	: 1
fpu		: yes
fpu_exception	: yes
cpuid level	: 20
wp		: yes
flags		: fpu vme de pse tsc msr pae mce cx8 apic sep mtrr pge mca cmov pat pse36 clflush dts acpi mmx fxsr sse sse2 ss ht tm pbe syscall nx pdpe1gb rdtscp lm constant_tsc arch_perfmon pebs bts rep_good nopl xtopology nonstop_tsc aperfmperf eagerfpu pni pclmulqdq dtes64 monitor ds_cpl vmx est tm2 ssse3 fma cx16 xtpr pdcm pcid sse4_1 sse4_2 x2apic movbe popcnt tsc_deadline_timer aes xsave avx f16c rdrand lahf_lm abm 3dnowprefetch ida arat epb pln pts dtherm tpr_shadow vnmi flexpriority ept vpid fsgsbase tsc_adjust bmi1 avx2 smep bmi2 erms invpcid rdseed adx smap xsaveopt
bugs		:
bogomips	: 4389.52
clflush size	: 64
cache_alignment	: 64
address sizes	: 39 bits physical, 48 bits virtual
power management:

processor	: 3
vendor_id	: GenuineIntel
cpu family	: 6
model		: 61
model name	: Intel(R) Core(TM) i5-5200U CPU @ 2.20GHz
stepping	: 4
microcode	: 0x1f
cpu MHz		: 2196.992
cache size	: 3072 KB
physical id	: 0
siblings	: 4
core id		: 1
cpu cores	: 2
apicid		: 3
initial apicid	: 3
fpu		: yes
fpu_exception	: yes
cpuid level	: 20
wp		: yes
flags		: fpu vme de pse tsc msr pae mce cx8 apic sep mtrr pge mca cmov pat pse36 clflush dts acpi mmx fxsr sse sse2 ss ht tm pbe syscall nx pdpe1gb rdtscp lm constant_tsc arch_perfmon pebs bts rep_good nopl xtopology nonstop_tsc aperfmperf eagerfpu pni pclmulqdq dtes64 monitor ds_cpl vmx est tm2 ssse3 fma cx16 xtpr pdcm pcid sse4_1 sse4_2 x2apic movbe popcnt tsc_deadline_timer aes xsave avx f16c rdrand lahf_lm abm 3dnowprefetch ida arat epb pln pts dtherm tpr_shadow vnmi flexpriority ept vpid fsgsbase tsc_adjust bmi1 avx2 smep bmi2 erms invpcid rdseed adx smap xsaveopt
bugs		:
bogomips	: 4389.52
clflush size	: 64
cache_alignment	: 64
address sizes	: 39 bits physical, 48 bits virtual
power management:



Memory: 4k page, physical 8078760k(120016k free), swap 0k(0k free)

vm_info: OpenJDK 64-Bit Server VM (24.79-b02) for linux-amd64 JRE (1.7.0_79-b14), built on Apr 15 2015 21:06:31 by "buildd" with gcc 4.9.2

time: Sun Aug  2 15:27:14 2015
elapsed time: 4 seconds

