#
# There is insufficient memory for the Java Runtime Environment to continue.
# Native memory allocation (malloc) failed to allocate 66060288 bytes for committing reserved memory.
# Possible reasons:
#   The system is out of physical RAM or swap space
#   In 32 bit mode, the process size limit was hit
# Possible solutions:
#   Reduce memory load on the system
#   Increase physical memory or swap space
#   Check if swap backing store is full
#   Use 64 bit Java on a 64 bit OS
#   Decrease Java heap size (-Xmx/-Xms)
#   Decrease number of Java threads
#   Decrease Java thread stack sizes (-Xss)
#   Set larger code cache with -XX:ReservedCodeCacheSize=
# This output file may be truncated or incomplete.
#
#  Out of Memory Error (os_linux.cpp:2809), pid=11224, tid=140001176147712
#
# JRE version: OpenJDK Runtime Environment (7.0_79-b14) (build 1.7.0_79-b14)
# Java VM: OpenJDK 64-Bit Server VM (24.79-b02 mixed mode linux-amd64 compressed oops)
# Derivative: IcedTea 2.5.5
# Distribution: Ubuntu Vivid Vervet (development branch), package 7u79-2.5.5-0ubuntu1
# Failed to write core dump. Core dumps have been disabled. To enable core dumping, try "ulimit -c unlimited" before starting Java again
#

---------------  T H R E A D  ---------------

Current thread (0x00007f549413f000):  VMThread [stack: 0x00007f54904f5000,0x00007f54905f6000] [id=11235]

Stack: [0x00007f54904f5000,0x00007f54905f6000],  sp=0x00007f54905f44e0,  free space=1021k
Native frames: (J=compiled Java code, j=interpreted, Vv=VM code, C=native code)
V  [libjvm.so+0x98a0f6]  VMError::report_and_die()+0x186
V  [libjvm.so+0x48f8e2]  report_vm_out_of_memory(char const*, int, unsigned long, char const*)+0x92
V  [libjvm.so+0x7fd51b]  os::pd_commit_memory(char*, unsigned long, unsigned long, bool)+0xeb
V  [libjvm.so+0x7f7bfe]  os::commit_memory(char*, unsigned long, unsigned long, bool)+0x2e
V  [libjvm.so+0x86a51b]  PSVirtualSpace::expand_by(unsigned long)+0x5b
V  [libjvm.so+0x86b3c3]  PSYoungGen::resize_generation(unsigned long, unsigned long)+0xd3
V  [libjvm.so+0x86badb]  PSYoungGen::resize(unsigned long, unsigned long)+0x1b
V  [libjvm.so+0x8674e9]  PSScavenge::invoke_no_policy()+0xdc9
V  [libjvm.so+0x867cc8]  PSScavenge::invoke()+0x38
V  [libjvm.so+0x81fb23]  ParallelScavengeHeap::failed_mem_allocate(unsigned long)+0x63
V  [libjvm.so+0x98b9c2]  VM_ParallelGCFailedAllocation::doit()+0x92
V  [libjvm.so+0x990277]  VM_Operation::evaluate()+0x47
V  [libjvm.so+0x98e85b]  VMThread::evaluate_operation(VM_Operation*)+0xab
V  [libjvm.so+0x98ef06]  VMThread::loop()+0x1e6
V  [libjvm.so+0x98f3d1]  VMThread::run()+0x81
V  [libjvm.so+0x7fa442]  java_start(Thread*)+0xf2

VM_Operation (0x00007f549c9b22a0): ParallelGCFailedAllocation, mode: safepoint, requested by thread 0x00007f549400c000


---------------  P R O C E S S  ---------------

Java Threads: ( => current thread )
  0x00007f54941d3000 JavaThread "Service Thread" daemon [_thread_blocked, id=11242, stack(0x00007f5480b67000,0x00007f5480c68000)]
  0x00007f54941ca000 JavaThread "C2 CompilerThread1" daemon [_thread_blocked, id=11241, stack(0x00007f5480c68000,0x00007f5480d69000)]
  0x00007f54941c8000 JavaThread "C2 CompilerThread0" daemon [_thread_blocked, id=11240, stack(0x00007f5480d69000,0x00007f5480e6a000)]
  0x00007f5494170800 JavaThread "Signal Dispatcher" daemon [_thread_blocked, id=11238, stack(0x00007f54819cf000,0x00007f5481ad0000)]
  0x00007f5494145800 JavaThread "Finalizer" daemon [_thread_blocked, id=11237, stack(0x00007f54902f3000,0x00007f54903f4000)]
  0x00007f5494143800 JavaThread "Reference Handler" daemon [_thread_blocked, id=11236, stack(0x00007f54903f4000,0x00007f54904f5000)]
  0x00007f549400c000 JavaThread "main" [_thread_blocked, id=11230, stack(0x00007f549c8b3000,0x00007f549c9b4000)]

Other Threads:
=>0x00007f549413f000 VMThread [stack: 0x00007f54904f5000,0x00007f54905f6000] [id=11235]
  0x00007f54941e6000 WatcherThread [stack: 0x00007f5480a66000,0x00007f5480b67000] [id=11243]

VM state:at safepoint (normal execution)

VM Mutex/Monitor currently owned by a thread:  ([mutex/lock_event])
[0x00007f5494008990] Threads_lock - owner thread: 0x00007f549413f000
[0x00007f5494008e90] Heap_lock - owner thread: 0x00007f549400c000

Heap
 PSYoungGen      total 69632K, used 5098K [0x00000000eaa80000, 0x00000000ef380000, 0x0000000100000000)
  eden space 64512K, 0% used [0x00000000eaa80000,0x00000000eaa80000,0x00000000ee980000)
  from space 5120K, 99% used [0x00000000ee980000,0x00000000eee7a8c8,0x00000000eee80000)
  to   space 5120K, 0% used [0x00000000eee80000,0x00000000eee80000,0x00000000ef380000)
 ParOldGen       total 83968K, used 13999K [0x00000000c0000000, 0x00000000c5200000, 0x00000000eaa80000)
  object space 83968K, 16% used [0x00000000c0000000,0x00000000c0dabc08,0x00000000c5200000)
 PSPermGen       total 21504K, used 7434K [0x00000000b5a00000, 0x00000000b6f00000, 0x00000000c0000000)
  object space 21504K, 34% used [0x00000000b5a00000,0x00000000b6142be0,0x00000000b6f00000)

Card table byte_map: [0x00007f5499043000,0x00007f5499297000] byte_map_base: 0x00007f5498a96000

Polling page: 0x00007f549c9d7000

Code Cache  [0x00007f5491000000, 0x00007f5491270000, 0x00007f5494000000)
 total_blobs=790 nmethods=537 adapters=206 free_code_cache=47676Kb largest_free_block=48779200

Compilation events (10 events):
Event: 3.914 Thread 0x00007f54941ca000 nmethod 534 0x00007f549116eed0 code [0x00007f549116f000, 0x00007f549116f058]
Event: 3.914 Thread 0x00007f54941ca000  535             com.android.dx.io.instructions.InstructionCodec$10::decode (50 bytes)
Event: 3.925 Thread 0x00007f54941c8000 nmethod 533 0x00007f549114ea50 code [0x00007f549114eba0, 0x00007f549114eef8]
Event: 3.925 Thread 0x00007f54941c8000  536             com.android.dx.io.instructions.InstructionCodec$10::encode (30 bytes)
Event: 3.927 Thread 0x00007f54941c8000 nmethod 536 0x00007f549114e410 code [0x00007f549114e580, 0x00007f549114e758]
Event: 3.927 Thread 0x00007f54941c8000  537             com.android.dx.io.instructions.ThreeRegisterDecodedInstruction::<init> (32 bytes)
Event: 3.928 Thread 0x00007f54941ca000 nmethod 535 0x00007f549114df10 code [0x00007f549114e060, 0x00007f549114e238]
Event: 3.929 Thread 0x00007f54941c8000 nmethod 537 0x00007f549114db50 code [0x00007f549114dca0, 0x00007f549114ddd8]
Event: 4.604 Thread 0x00007f54941ca000  538             com.android.dx.merge.DexMerger$IdMerger::mergeUnsorted (247 bytes)
Event: 4.747 Thread 0x00007f54941c8000  539             com.android.dx.merge.DexMerger$IdMerger::readUnsortedValues (101 bytes)

GC Heap History (5 events):
Event: 1.801 GC heap before
{Heap before GC invocations=1 (full 0):
 PSYoungGen      total 37376K, used 32256K [0x00000000eaa80000, 0x00000000ed400000, 0x0000000100000000)
  eden space 32256K, 100% used [0x00000000eaa80000,0x00000000eca00000,0x00000000eca00000)
  from space 5120K, 0% used [0x00000000ecf00000,0x00000000ecf00000,0x00000000ed400000)
  to   space 5120K, 0% used [0x00000000eca00000,0x00000000eca00000,0x00000000ecf00000)
 ParOldGen       total 83968K, used 0K [0x00000000c0000000, 0x00000000c5200000, 0x00000000eaa80000)
  object space 83968K, 0% used [0x00000000c0000000,0x00000000c0000000,0x00000000c5200000)
 PSPermGen       total 21504K, used 5697K [0x00000000b5a00000, 0x00000000b6f00000, 0x00000000c0000000)
  object space 21504K, 26% used [0x00000000b5a00000,0x00000000b5f907b8,0x00000000b6f00000)
Event: 1.855 GC heap after
Heap after GC invocations=1 (full 0):
 PSYoungGen      total 37376K, used 5110K [0x00000000eaa80000, 0x00000000ef380000, 0x0000000100000000)
  eden space 32256K, 0% used [0x00000000eaa80000,0x00000000eaa80000,0x00000000eca00000)
  from space 5120K, 99% used [0x00000000eca00000,0x00000000ecefd960,0x00000000ecf00000)
  to   space 5120K, 0% used [0x00000000eee80000,0x00000000eee80000,0x00000000ef380000)
 ParOldGen       total 83968K, used 2562K [0x00000000c0000000, 0x00000000c5200000, 0x00000000eaa80000)
  object space 83968K, 3% used [0x00000000c0000000,0x00000000c0280b90,0x00000000c5200000)
 PSPermGen       total 21504K, used 5697K [0x00000000b5a00000, 0x00000000b6f00000, 0x00000000c0000000)
  object space 21504K, 26% used [0x00000000b5a00000,0x00000000b5f907b8,0x00000000b6f00000)
}
Event: 3.104 GC heap before
{Heap before GC invocations=2 (full 0):
 PSYoungGen      total 37376K, used 37366K [0x00000000eaa80000, 0x00000000ef380000, 0x0000000100000000)
  eden space 32256K, 100% used [0x00000000eaa80000,0x00000000eca00000,0x00000000eca00000)
  from space 5120K, 99% used [0x00000000eca00000,0x00000000ecefd960,0x00000000ecf00000)
  to   space 5120K, 0% used [0x00000000eee80000,0x00000000eee80000,0x00000000ef380000)
 ParOldGen       total 83968K, used 2562K [0x00000000c0000000, 0x00000000c5200000, 0x00000000eaa80000)
  object space 83968K, 3% used [0x00000000c0000000,0x00000000c0280b90,0x00000000c5200000)
 PSPermGen       total 21504K, used 7369K [0x00000000b5a00000, 0x00000000b6f00000, 0x00000000c0000000)
  object space 21504K, 34% used [0x00000000b5a00000,0x00000000b6132758,0x00000000b6f00000)
Event: 3.152 GC heap after
Heap after GC invocations=2 (full 0):
 PSYoungGen      total 69632K, used 5106K [0x00000000eaa80000, 0x00000000ef380000, 0x0000000100000000)
  eden space 64512K, 0% used [0x00000000eaa80000,0x00000000eaa80000,0x00000000ee980000)
  from space 5120K, 99% used [0x00000000eee80000,0x00000000ef37c8b8,0x00000000ef380000)
  to   space 5120K, 0% used [0x00000000ee980000,0x00000000ee980000,0x00000000eee80000)
 ParOldGen       total 83968K, used 8475K [0x00000000c0000000, 0x00000000c5200000, 0x00000000eaa80000)
  object space 83968K, 10% used [0x00000000c0000000,0x00000000c0846e78,0x00000000c5200000)
 PSPermGen       total 21504K, used 7369K [0x00000000b5a00000, 0x00000000b6f00000, 0x00000000c0000000)
  object space 21504K, 34% used [0x00000000b5a00000,0x00000000b6132758,0x00000000b6f00000)
}
Event: 6.441 GC heap before
{Heap before GC invocations=3 (full 0):
 PSYoungGen      total 69632K, used 69618K [0x00000000eaa80000, 0x00000000ef380000, 0x0000000100000000)
  eden space 64512K, 100% used [0x00000000eaa80000,0x00000000ee980000,0x00000000ee980000)
  from space 5120K, 99% used [0x00000000eee80000,0x00000000ef37c8b8,0x00000000ef380000)
  to   space 5120K, 0% used [0x00000000ee980000,0x00000000ee980000,0x00000000eee80000)
 ParOldGen       total 83968K, used 8475K [0x00000000c0000000, 0x00000000c5200000, 0x00000000eaa80000)
  object space 83968K, 10% used [0x00000000c0000000,0x00000000c0846e78,0x00000000c5200000)
 PSPermGen       total 21504K, used 7434K [0x00000000b5a00000, 0x00000000b6f00000, 0x00000000c0000000)
  object space 21504K, 34% used [0x00000000b5a00000,0x00000000b6142be0,0x00000000b6f00000)

Deoptimization events (10 events):
Event: 2.417 Thread 0x00007f549400c000 Uncommon trap: reason=class_check action=maybe_recompile pc=0x00007f54910e0600 method=com.android.dex.Leb128.writeUnsignedLeb128(Lcom/android/dex/util/ByteOutput;I)V @ 40
Event: 2.733 Thread 0x00007f549400c000 Uncommon trap: reason=class_check action=maybe_recompile pc=0x00007f54910ef604 method=com.android.dex.Leb128.readUnsignedLeb128(Lcom/android/dex/util/ByteInput;)I @ 5
Event: 2.734 Thread 0x00007f549400c000 Uncommon trap: reason=class_check action=maybe_recompile pc=0x00007f54910ef604 method=com.android.dex.Leb128.readUnsignedLeb128(Lcom/android/dex/util/ByteInput;)I @ 5
Event: 2.734 Thread 0x00007f549400c000 Uncommon trap: reason=class_check action=maybe_recompile pc=0x00007f54910ef604 method=com.android.dex.Leb128.readUnsignedLeb128(Lcom/android/dex/util/ByteInput;)I @ 5
Event: 2.734 Thread 0x00007f549400c000 Uncommon trap: reason=class_check action=maybe_recompile pc=0x00007f54910ef604 method=com.android.dex.Leb128.readUnsignedLeb128(Lcom/android/dex/util/ByteInput;)I @ 5
Event: 2.813 Thread 0x00007f549400c000 Uncommon trap: reason=unreached action=reinterpret pc=0x00007f54910fc058 method=com.android.dx.merge.DexMerger$IdMerger.mergeSorted()V @ 261
Event: 2.841 Thread 0x00007f549400c000 Uncommon trap: reason=predicate action=maybe_recompile pc=0x00007f54910f57d8 method=com.android.dex.Leb128.readUnsignedLeb128(Lcom/android/dex/util/ByteInput;)I @ 41
Event: 3.719 Thread 0x00007f549400c000 Uncommon trap: reason=predicate action=maybe_recompile pc=0x00007f5491144b30 method=java.util.ComparableTimSort.binarySort([Ljava/lang/Object;III)V @ 37
Event: 4.091 Thread 0x00007f549400c000 Uncommon trap: reason=array_check action=maybe_recompile pc=0x00007f549115150c method=java.util.ComparableTimSort.binarySort([Ljava/lang/Object;III)V @ 193
Event: 5.258 Thread 0x00007f549400c000 Uncommon trap: reason=predicate action=maybe_recompile pc=0x00007f549116f2d8 method=java.util.TimSort.binarySort([Ljava/lang/Object;IIILjava/util/Comparator;)V @ 37

Internal exceptions (10 events):
Event: 2.582 Thread 0x00007f549400c000 Threw 0x00000000eb614420 at /build/buildd/openjdk-7-7u79-2.5.5/build/openjdk/hotspot/src/share/vm/prims/jvm.cpp:1284
Event: 2.585 Thread 0x00007f549400c000 Threw 0x00000000eb65c208 at /build/buildd/openjdk-7-7u79-2.5.5/build/openjdk/hotspot/src/share/vm/prims/jvm.cpp:1284
Event: 2.586 Thread 0x00007f549400c000 Threw 0x00000000eb65f1a0 at /build/buildd/openjdk-7-7u79-2.5.5/build/openjdk/hotspot/src/share/vm/prims/jvm.cpp:1284
Event: 2.672 Thread 0x00007f549400c000 Threw 0x00000000eb70ac20 at /build/buildd/openjdk-7-7u79-2.5.5/build/openjdk/hotspot/src/share/vm/prims/jvm.cpp:1284
Event: 2.672 Thread 0x00007f549400c000 Threw 0x00000000eb70ad48 at /build/buildd/openjdk-7-7u79-2.5.5/build/openjdk/hotspot/src/share/vm/prims/jvm.cpp:1284
Event: 2.673 Thread 0x00007f549400c000 Threw 0x00000000eb70d3f8 at /build/buildd/openjdk-7-7u79-2.5.5/build/openjdk/hotspot/src/share/vm/prims/jvm.cpp:1284
Event: 2.673 Thread 0x00007f549400c000 Threw 0x00000000eb70d520 at /build/buildd/openjdk-7-7u79-2.5.5/build/openjdk/hotspot/src/share/vm/prims/jvm.cpp:1284
Event: 2.673 Thread 0x00007f549400c000 Threw 0x00000000eb70df20 at /build/buildd/openjdk-7-7u79-2.5.5/build/openjdk/hotspot/src/share/vm/prims/jvm.cpp:1284
Event: 2.673 Thread 0x00007f549400c000 Threw 0x00000000eb70e048 at /build/buildd/openjdk-7-7u79-2.5.5/build/openjdk/hotspot/src/share/vm/prims/jvm.cpp:1284
Event: 3.283 Thread 0x00007f549400c000 Threw 0x00000000eafe6690 at /build/buildd/openjdk-7-7u79-2.5.5/build/openjdk/hotspot/src/share/vm/prims/jvm.cpp:1284

Events (10 events):
Event: 3.723 Thread 0x00007f549400c000 DEOPT UNPACKING pc=0x00007f5491039445 sp=0x00007f549c9b2480 mode 2
Event: 4.072 Thread 0x00007f549400c000 Uncommon trap: trap_request=0xffffffd6 fr.pc=0x00007f549115150c
Event: 4.099 Thread 0x00007f549400c000 DEOPT PACKING pc=0x00007f549115150c sp=0x00007f549c9b24a0
Event: 4.154 Thread 0x00007f549400c000 DEOPT UNPACKING pc=0x00007f5491039445 sp=0x00007f549c9b2468 mode 2
Event: 4.250 Executing VM operation: EnableBiasedLocking
Event: 4.263 Executing VM operation: EnableBiasedLocking done
Event: 5.143 Thread 0x00007f549400c000 Uncommon trap: trap_request=0xffffff86 fr.pc=0x00007f549116f2d8
Event: 5.343 Thread 0x00007f549400c000 DEOPT PACKING pc=0x00007f549116f2d8 sp=0x00007f549c9b2500
Event: 5.387 Thread 0x00007f549400c000 DEOPT UNPACKING pc=0x00007f5491039445 sp=0x00007f549c9b24f0 mode 2
Event: 6.208 Executing VM operation: ParallelGCFailedAllocation


Dynamic libraries:
00400000-00401000 r-xp 00000000 08:08 3806419                            /usr/lib/jvm/java-7-openjdk-amd64/jre/bin/java
00600000-00601000 r--p 00000000 08:08 3806419                            /usr/lib/jvm/java-7-openjdk-amd64/jre/bin/java
00601000-00602000 rw-p 00001000 08:08 3806419                            /usr/lib/jvm/java-7-openjdk-amd64/jre/bin/java
00db4000-00dd5000 rw-p 00000000 00:00 0                                  [heap]
b5a00000-b6f00000 rw-p 00000000 00:00 0 
b6f00000-c0000000 rw-p 00000000 00:00 0 
c0000000-c5200000 rw-p 00000000 00:00 0 
c5200000-eaa80000 rw-p 00000000 00:00 0 
eaa80000-ef380000 rw-p 00000000 00:00 0 
f3280000-100000000 rw-p 00000000 00:00 0 
7f5454000000-7f5454021000 rw-p 00000000 00:00 0 
7f5454021000-7f5458000000 ---p 00000000 00:00 0 
7f545c000000-7f545c021000 rw-p 00000000 00:00 0 
7f545c021000-7f5460000000 ---p 00000000 00:00 0 
7f5462dd7000-7f5463238000 rw-p 00000000 00:00 0 
7f5463238000-7f54632a4000 r-xp 00000000 08:08 655661                     /lib/x86_64-linux-gnu/libpcre.so.3.13.1
7f54632a4000-7f54634a3000 ---p 0006c000 08:08 655661                     /lib/x86_64-linux-gnu/libpcre.so.3.13.1
7f54634a3000-7f54634a4000 r--p 0006b000 08:08 655661                     /lib/x86_64-linux-gnu/libpcre.so.3.13.1
7f54634a4000-7f54634a5000 rw-p 0006c000 08:08 655661                     /lib/x86_64-linux-gnu/libpcre.so.3.13.1
7f54634a5000-7f54634ac000 r-xp 00000000 08:08 3670383                    /usr/lib/x86_64-linux-gnu/libffi.so.6.0.4
7f54634ac000-7f54636ab000 ---p 00007000 08:08 3670383                    /usr/lib/x86_64-linux-gnu/libffi.so.6.0.4
7f54636ab000-7f54636ac000 r--p 00006000 08:08 3670383                    /usr/lib/x86_64-linux-gnu/libffi.so.6.0.4
7f54636ac000-7f54636ad000 rw-p 00007000 08:08 3670383                    /usr/lib/x86_64-linux-gnu/libffi.so.6.0.4
7f54636ad000-7f54636c4000 r-xp 00000000 08:08 656425                     /lib/x86_64-linux-gnu/libresolv-2.21.so
7f54636c4000-7f54638c4000 ---p 00017000 08:08 656425                     /lib/x86_64-linux-gnu/libresolv-2.21.so
7f54638c4000-7f54638c6000 r--p 00017000 08:08 656425                     /lib/x86_64-linux-gnu/libresolv-2.21.so
7f54638c6000-7f54638c7000 rw-p 00019000 08:08 656425                     /lib/x86_64-linux-gnu/libresolv-2.21.so
7f54638c7000-7f54638c9000 rw-p 00000000 00:00 0 
7f54638c9000-7f54638ea000 r-xp 00000000 08:08 656253                     /lib/x86_64-linux-gnu/libselinux.so.1
7f54638ea000-7f5463ae9000 ---p 00021000 08:08 656253                     /lib/x86_64-linux-gnu/libselinux.so.1
7f5463ae9000-7f5463aea000 r--p 00020000 08:08 656253                     /lib/x86_64-linux-gnu/libselinux.so.1
7f5463aea000-7f5463aeb000 rw-p 00021000 08:08 656253                     /lib/x86_64-linux-gnu/libselinux.so.1
7f5463aeb000-7f5463aed000 rw-p 00000000 00:00 0 
7f5463aed000-7f5463af0000 r-xp 00000000 08:08 3670102                    /usr/lib/x86_64-linux-gnu/libgmodule-2.0.so.0.4400.1
7f5463af0000-7f5463cef000 ---p 00003000 08:08 3670102                    /usr/lib/x86_64-linux-gnu/libgmodule-2.0.so.0.4400.1
7f5463cef000-7f5463cf0000 r--p 00002000 08:08 3670102                    /usr/lib/x86_64-linux-gnu/libgmodule-2.0.so.0.4400.1
7f5463cf0000-7f5463cf1000 rw-p 00003000 08:08 3670102                    /usr/lib/x86_64-linux-gnu/libgmodule-2.0.so.0.4400.1
7f5463cf1000-7f5463dfe000 r-xp 00000000 08:08 655538                     /lib/x86_64-linux-gnu/libglib-2.0.so.0.4400.1
7f5463dfe000-7f5463ffd000 ---p 0010d000 08:08 655538                     /lib/x86_64-linux-gnu/libglib-2.0.so.0.4400.1
7f5463ffd000-7f5463ffe000 r--p 0010c000 08:08 655538                     /lib/x86_64-linux-gnu/libglib-2.0.so.0.4400.1
7f5463ffe000-7f5463fff000 rw-p 0010d000 08:08 655538                     /lib/x86_64-linux-gnu/libglib-2.0.so.0.4400.1
7f5463fff000-7f5464000000 rw-p 00000000 00:00 0 
7f5464000000-7f5464a7f000 rw-p 00000000 00:00 0 
7f5464a7f000-7f5468000000 ---p 00000000 00:00 0 
7f5468000000-7f5468581000 rw-p 00000000 00:00 0 
7f5468581000-7f546c000000 ---p 00000000 00:00 0 
7f546c000000-7f546c021000 rw-p 00000000 00:00 0 
7f546c021000-7f5470000000 ---p 00000000 00:00 0 
7f5470000000-7f5470021000 rw-p 00000000 00:00 0 
7f5470021000-7f5474000000 ---p 00000000 00:00 0 
7f5474000000-7f54740e0000 rw-p 00000000 00:00 0 
7f54740e0000-7f5478000000 ---p 00000000 00:00 0 
7f5478000000-7f5478021000 rw-p 00000000 00:00 0 
7f5478021000-7f547c000000 ---p 00000000 00:00 0 
7f547c000000-7f547c021000 rw-p 00000000 00:00 0 
7f547c021000-7f5480000000 ---p 00000000 00:00 0 
7f548006a000-7f54800ba000 r-xp 00000000 08:08 3670065                    /usr/lib/x86_64-linux-gnu/libgobject-2.0.so.0.4400.1
7f54800ba000-7f54802ba000 ---p 00050000 08:08 3670065                    /usr/lib/x86_64-linux-gnu/libgobject-2.0.so.0.4400.1
7f54802ba000-7f54802bb000 r--p 00050000 08:08 3670065                    /usr/lib/x86_64-linux-gnu/libgobject-2.0.so.0.4400.1
7f54802bb000-7f54802bc000 rw-p 00051000 08:08 3670065                    /usr/lib/x86_64-linux-gnu/libgobject-2.0.so.0.4400.1
7f54802bc000-7f5480434000 r-xp 00000000 08:08 3670077                    /usr/lib/x86_64-linux-gnu/libgio-2.0.so.0.4400.1
7f5480434000-7f5480634000 ---p 00178000 08:08 3670077                    /usr/lib/x86_64-linux-gnu/libgio-2.0.so.0.4400.1
7f5480634000-7f5480638000 r--p 00178000 08:08 3670077                    /usr/lib/x86_64-linux-gnu/libgio-2.0.so.0.4400.1
7f5480638000-7f548063a000 rw-p 0017c000 08:08 3670077                    /usr/lib/x86_64-linux-gnu/libgio-2.0.so.0.4400.1
7f548063a000-7f548063c000 rw-p 00000000 00:00 0 
7f548063c000-7f5480653000 r-xp 00000000 08:08 3682452                    /usr/lib/jvm/java-7-openjdk-amd64/jre/lib/amd64/libnet.so
7f5480653000-7f5480852000 ---p 00017000 08:08 3682452                    /usr/lib/jvm/java-7-openjdk-amd64/jre/lib/amd64/libnet.so
7f5480852000-7f5480853000 r--p 00016000 08:08 3682452                    /usr/lib/jvm/java-7-openjdk-amd64/jre/lib/amd64/libnet.so
7f5480853000-7f5480854000 rw-p 00017000 08:08 3682452                    /usr/lib/jvm/java-7-openjdk-amd64/jre/lib/amd64/libnet.so
7f5480854000-7f5480865000 r-xp 00000000 08:08 3682442                    /usr/lib/jvm/java-7-openjdk-amd64/jre/lib/amd64/libnio.so
7f5480865000-7f5480a64000 ---p 00011000 08:08 3682442                    /usr/lib/jvm/java-7-openjdk-amd64/jre/lib/amd64/libnio.so
7f5480a64000-7f5480a65000 r--p 00010000 08:08 3682442                    /usr/lib/jvm/java-7-openjdk-amd64/jre/lib/amd64/libnio.so
7f5480a65000-7f5480a66000 rw-p 00011000 08:08 3682442                    /usr/lib/jvm/java-7-openjdk-amd64/jre/lib/amd64/libnio.so
7f5480a66000-7f5480a67000 ---p 00000000 00:00 0 
7f5480a67000-7f5480b67000 rw-p 00000000 00:00 0                          [stack:11243]
7f5480b67000-7f5480b6a000 ---p 00000000 00:00 0 
7f5480b6a000-7f5480c68000 rw-p 00000000 00:00 0                          [stack:11242]
7f5480c68000-7f5480c6b000 ---p 00000000 00:00 0 
7f5480c6b000-7f5480d69000 rw-p 00000000 00:00 0                          [stack:11241]
7f5480d69000-7f5480d6c000 ---p 00000000 00:00 0 
7f5480d6c000-7f5480e6a000 rw-p 00000000 00:00 0                          [stack:11240]
7f5480e6a000-7f5480e6f000 r-xp 00000000 08:08 3672170                    /usr/lib/x86_64-linux-gnu/libXdmcp.so.6.0.0
7f5480e6f000-7f548106e000 ---p 00005000 08:08 3672170                    /usr/lib/x86_64-linux-gnu/libXdmcp.so.6.0.0
7f548106e000-7f548106f000 r--p 00004000 08:08 3672170                    /usr/lib/x86_64-linux-gnu/libXdmcp.so.6.0.0
7f548106f000-7f5481070000 rw-p 00005000 08:08 3672170                    /usr/lib/x86_64-linux-gnu/libXdmcp.so.6.0.0
7f5481070000-7f5481072000 r-xp 00000000 08:08 3678633                    /usr/lib/x86_64-linux-gnu/libXau.so.6.0.0
7f5481072000-7f5481272000 ---p 00002000 08:08 3678633                    /usr/lib/x86_64-linux-gnu/libXau.so.6.0.0
7f5481272000-7f5481273000 r--p 00002000 08:08 3678633                    /usr/lib/x86_64-linux-gnu/libXau.so.6.0.0
7f5481273000-7f5481274000 rw-p 00003000 08:08 3678633                    /usr/lib/x86_64-linux-gnu/libXau.so.6.0.0
7f5481274000-7f5481291000 r-xp 00000000 08:08 3679703                    /usr/lib/x86_64-linux-gnu/libxcb.so.1.1.0
7f5481291000-7f5481491000 ---p 0001d000 08:08 3679703                    /usr/lib/x86_64-linux-gnu/libxcb.so.1.1.0
7f5481491000-7f5481492000 r--p 0001d000 08:08 3679703                    /usr/lib/x86_64-linux-gnu/libxcb.so.1.1.0
7f5481492000-7f5481493000 rw-p 0001e000 08:08 3679703                    /usr/lib/x86_64-linux-gnu/libxcb.so.1.1.0
7f5481493000-7f54815c6000 r-xp 00000000 08:08 3671108                    /usr/lib/x86_64-linux-gnu/libX11.so.6.3.0
7f54815c6000-7f54817c6000 ---p 00133000 08:08 3671108                    /usr/lib/x86_64-linux-gnu/libX11.so.6.3.0
7f54817c6000-7f54817c7000 r--p 00133000 08:08 3671108                    /usr/lib/x86_64-linux-gnu/libX11.so.6.3.0
7f54817c7000-7f54817cb000 rw-p 00134000 08:08 3671108                    /usr/lib/x86_64-linux-gnu/libX11.so.6.3.0
7f54817cb000-7f54817cc000 rw-p 00000000 00:00 0 
7f54817cc000-7f54817ce000 r-xp 00000000 08:08 3674469                    /usr/lib/jayatana/libjayatanaag.so
7f54817ce000-7f54819cd000 ---p 00002000 08:08 3674469                    /usr/lib/jayatana/libjayatanaag.so
7f54819cd000-7f54819ce000 r--p 00001000 08:08 3674469                    /usr/lib/jayatana/libjayatanaag.so
7f54819ce000-7f54819cf000 rw-p 00002000 08:08 3674469                    /usr/lib/jayatana/libjayatanaag.so
7f54819cf000-7f54819d2000 ---p 00000000 00:00 0 
7f54819d2000-7f5484000000 rw-p 00000000 00:00 0                          [stack:11238]
7f5484000000-7f5484021000 rw-p 00000000 00:00 0 
7f5484021000-7f5488000000 ---p 00000000 00:00 0 
7f5488000000-7f5488021000 rw-p 00000000 00:00 0 
7f5488021000-7f548c000000 ---p 00000000 00:00 0 
7f548c000000-7f548c021000 rw-p 00000000 00:00 0 
7f548c021000-7f5490000000 ---p 00000000 00:00 0 
7f549002a000-7f54902f3000 r--p 00000000 08:08 3670890                    /usr/lib/locale/locale-archive
7f54902f3000-7f54902f6000 ---p 00000000 00:00 0 
7f54902f6000-7f54903f4000 rw-p 00000000 00:00 0                          [stack:11237]
7f54903f4000-7f54903f7000 ---p 00000000 00:00 0 
7f54903f7000-7f54904f5000 rw-p 00000000 00:00 0                          [stack:11236]
7f54904f5000-7f54904f6000 ---p 00000000 00:00 0 
7f54904f6000-7f5491000000 rw-p 00000000 00:00 0                          [stack:11235]
7f5491000000-7f5491270000 rwxp 00000000 00:00 0 
7f5491270000-7f5494345000 rw-p 00000000 00:00 0 
7f5494345000-7f5498000000 ---p 00000000 00:00 0 
7f549805f000-7f5498064000 r--s 0004d000 08:08 3682421                    /usr/lib/jvm/java-7-openjdk-amd64/jre/lib/jsse.jar
7f5498064000-7f5498073000 r--s 000dd000 00:27 2640629                    /home/pedram/Android/Sdk/build-tools/22.0.0/lib/dx.jar
7f5498073000-7f54985c1000 rw-p 00000000 00:00 0 
7f54985c1000-7f5498772000 r--s 01d27000 08:08 3682065                    /usr/lib/jvm/java-7-openjdk-amd64/jre/lib/rt.jar
7f5498772000-7f5498a96000 rw-p 00000000 00:00 0 
7f5498a96000-7f5498a97000 ---p 00000000 00:00 0 
7f5498a97000-7f5498b97000 rw-p 00000000 00:00 0                          [stack:11234]
7f5498b97000-7f5498b98000 ---p 00000000 00:00 0 
7f5498b98000-7f5498c98000 rw-p 00000000 00:00 0                          [stack:11233]
7f5498c98000-7f5498c99000 ---p 00000000 00:00 0 
7f5498c99000-7f5498d99000 rw-p 00000000 00:00 0                          [stack:11232]
7f5498d99000-7f5498d9a000 ---p 00000000 00:00 0 
7f5498d9a000-7f5498ea5000 rw-p 00000000 00:00 0                          [stack:11231]
7f5498ea5000-7f5498eed000 rw-p 00000000 00:00 0 
7f5498eed000-7f5498f16000 rw-p 00000000 00:00 0 
7f5498f16000-7f5499043000 rw-p 00000000 00:00 0 
7f5499043000-7f549904e000 rw-p 00000000 00:00 0 
7f549904e000-7f5499096000 rw-p 00000000 00:00 0 
7f5499096000-7f54990bf000 rw-p 00000000 00:00 0 
7f54990bf000-7f54991eb000 rw-p 00000000 00:00 0 
7f54991eb000-7f5499210000 rw-p 00000000 00:00 0 
7f5499210000-7f5499296000 rw-p 00000000 00:00 0 
7f5499296000-7f5499297000 rw-p 00000000 00:00 0 
7f5499297000-7f549929f000 r-xp 00000000 08:08 3682441                    /usr/lib/jvm/java-7-openjdk-amd64/jre/lib/amd64/libzip.so
7f549929f000-7f549949e000 ---p 00008000 08:08 3682441                    /usr/lib/jvm/java-7-openjdk-amd64/jre/lib/amd64/libzip.so
7f549949e000-7f549949f000 r--p 00007000 08:08 3682441                    /usr/lib/jvm/java-7-openjdk-amd64/jre/lib/amd64/libzip.so
7f549949f000-7f54994a0000 rw-p 00008000 08:08 3682441                    /usr/lib/jvm/java-7-openjdk-amd64/jre/lib/amd64/libzip.so
7f54994a0000-7f54994ac000 r-xp 00000000 08:08 656426                     /lib/x86_64-linux-gnu/libnss_files-2.21.so
7f54994ac000-7f54996ab000 ---p 0000c000 08:08 656426                     /lib/x86_64-linux-gnu/libnss_files-2.21.so
7f54996ab000-7f54996ac000 r--p 0000b000 08:08 656426                     /lib/x86_64-linux-gnu/libnss_files-2.21.so
7f54996ac000-7f54996ad000 rw-p 0000c000 08:08 656426                     /lib/x86_64-linux-gnu/libnss_files-2.21.so
7f54996ad000-7f54996b8000 r-xp 00000000 08:08 656219                     /lib/x86_64-linux-gnu/libnss_nis-2.21.so
7f54996b8000-7f54998b7000 ---p 0000b000 08:08 656219                     /lib/x86_64-linux-gnu/libnss_nis-2.21.so
7f54998b7000-7f54998b8000 r--p 0000a000 08:08 656219                     /lib/x86_64-linux-gnu/libnss_nis-2.21.so
7f54998b8000-7f54998b9000 rw-p 0000b000 08:08 656219                     /lib/x86_64-linux-gnu/libnss_nis-2.21.so
7f54998b9000-7f54998d0000 r-xp 00000000 08:08 656432                     /lib/x86_64-linux-gnu/libnsl-2.21.so
7f54998d0000-7f5499acf000 ---p 00017000 08:08 656432                     /lib/x86_64-linux-gnu/libnsl-2.21.so
7f5499acf000-7f5499ad0000 r--p 00016000 08:08 656432                     /lib/x86_64-linux-gnu/libnsl-2.21.so
7f5499ad0000-7f5499ad1000 rw-p 00017000 08:08 656432                     /lib/x86_64-linux-gnu/libnsl-2.21.so
7f5499ad1000-7f5499ad3000 rw-p 00000000 00:00 0 
7f5499ad3000-7f5499adb000 r-xp 00000000 08:08 656428                     /lib/x86_64-linux-gnu/libnss_compat-2.21.so
7f5499adb000-7f5499cda000 ---p 00008000 08:08 656428                     /lib/x86_64-linux-gnu/libnss_compat-2.21.so
7f5499cda000-7f5499cdb000 r--p 00007000 08:08 656428                     /lib/x86_64-linux-gnu/libnss_compat-2.21.so
7f5499cdb000-7f5499cdc000 rw-p 00008000 08:08 656428                     /lib/x86_64-linux-gnu/libnss_compat-2.21.so
7f5499cdc000-7f5499ce6000 r-xp 00000000 08:08 3682429                    /usr/lib/jvm/java-7-openjdk-amd64/jre/lib/amd64/libinstrument.so
7f5499ce6000-7f5499ee5000 ---p 0000a000 08:08 3682429                    /usr/lib/jvm/java-7-openjdk-amd64/jre/lib/amd64/libinstrument.so
7f5499ee5000-7f5499ee6000 r--p 00009000 08:08 3682429                    /usr/lib/jvm/java-7-openjdk-amd64/jre/lib/amd64/libinstrument.so
7f5499ee6000-7f5499ee7000 rw-p 0000a000 08:08 3682429                    /usr/lib/jvm/java-7-openjdk-amd64/jre/lib/amd64/libinstrument.so
7f5499ee7000-7f5499f14000 r-xp 00000000 08:08 3682450                    /usr/lib/jvm/java-7-openjdk-amd64/jre/lib/amd64/libjava.so
7f5499f14000-7f549a113000 ---p 0002d000 08:08 3682450                    /usr/lib/jvm/java-7-openjdk-amd64/jre/lib/amd64/libjava.so
7f549a113000-7f549a114000 r--p 0002c000 08:08 3682450                    /usr/lib/jvm/java-7-openjdk-amd64/jre/lib/amd64/libjava.so
7f549a114000-7f549a116000 rw-p 0002d000 08:08 3682450                    /usr/lib/jvm/java-7-openjdk-amd64/jre/lib/amd64/libjava.so
7f549a116000-7f549a125000 r-xp 00000000 08:08 3682444                    /usr/lib/jvm/java-7-openjdk-amd64/jre/lib/amd64/libverify.so
7f549a125000-7f549a324000 ---p 0000f000 08:08 3682444                    /usr/lib/jvm/java-7-openjdk-amd64/jre/lib/amd64/libverify.so
7f549a324000-7f549a327000 r--p 0000e000 08:08 3682444                    /usr/lib/jvm/java-7-openjdk-amd64/jre/lib/amd64/libverify.so
7f549a327000-7f549a328000 rw-p 00011000 08:08 3682444                    /usr/lib/jvm/java-7-openjdk-amd64/jre/lib/amd64/libverify.so
7f549a328000-7f549a32f000 r-xp 00000000 08:08 656433                     /lib/x86_64-linux-gnu/librt-2.21.so
7f549a32f000-7f549a52e000 ---p 00007000 08:08 656433                     /lib/x86_64-linux-gnu/librt-2.21.so
7f549a52e000-7f549a52f000 r--p 00006000 08:08 656433                     /lib/x86_64-linux-gnu/librt-2.21.so
7f549a52f000-7f549a530000 rw-p 00007000 08:08 656433                     /lib/x86_64-linux-gnu/librt-2.21.so
7f549a530000-7f549a546000 r-xp 00000000 08:08 655659                     /lib/x86_64-linux-gnu/libgcc_s.so.1
7f549a546000-7f549a745000 ---p 00016000 08:08 655659                     /lib/x86_64-linux-gnu/libgcc_s.so.1
7f549a745000-7f549a746000 rw-p 00015000 08:08 655659                     /lib/x86_64-linux-gnu/libgcc_s.so.1
7f549a746000-7f549a84d000 r-xp 00000000 08:08 656431                     /lib/x86_64-linux-gnu/libm-2.21.so
7f549a84d000-7f549aa4c000 ---p 00107000 08:08 656431                     /lib/x86_64-linux-gnu/libm-2.21.so
7f549aa4c000-7f549aa4d000 r--p 00106000 08:08 656431                     /lib/x86_64-linux-gnu/libm-2.21.so
7f549aa4d000-7f549aa4e000 rw-p 00107000 08:08 656431                     /lib/x86_64-linux-gnu/libm-2.21.so
7f549aa4e000-7f549ab3e000 r-xp 00000000 08:08 3673813                    /usr/lib/x86_64-linux-gnu/libstdc++.so.6.0.20
7f549ab3e000-7f549ad3e000 ---p 000f0000 08:08 3673813                    /usr/lib/x86_64-linux-gnu/libstdc++.so.6.0.20
7f549ad3e000-7f549ad46000 r--p 000f0000 08:08 3673813                    /usr/lib/x86_64-linux-gnu/libstdc++.so.6.0.20
7f549ad46000-7f549ad48000 rw-p 000f8000 08:08 3673813                    /usr/lib/x86_64-linux-gnu/libstdc++.so.6.0.20
7f549ad48000-7f549ad5d000 rw-p 00000000 00:00 0 
7f549ad5d000-7f549b8b4000 r-xp 00000000 08:08 3806407                    /usr/lib/jvm/java-7-openjdk-amd64/jre/lib/amd64/server/libjvm.so
7f549b8b4000-7f549bab3000 ---p 00b57000 08:08 3806407                    /usr/lib/jvm/java-7-openjdk-amd64/jre/lib/amd64/server/libjvm.so
7f549bab3000-7f549bb52000 r--p 00b56000 08:08 3806407                    /usr/lib/jvm/java-7-openjdk-amd64/jre/lib/amd64/server/libjvm.so
7f549bb52000-7f549bb75000 rw-p 00bf5000 08:08 3806407                    /usr/lib/jvm/java-7-openjdk-amd64/jre/lib/amd64/server/libjvm.so
7f549bb75000-7f549bba2000 rw-p 00000000 00:00 0 
7f549bba2000-7f549bbbb000 r-xp 00000000 08:08 655648                     /lib/x86_64-linux-gnu/libz.so.1.2.8
7f549bbbb000-7f549bdbb000 ---p 00019000 08:08 655648                     /lib/x86_64-linux-gnu/libz.so.1.2.8
7f549bdbb000-7f549bdbc000 r--p 00019000 08:08 655648                     /lib/x86_64-linux-gnu/libz.so.1.2.8
7f549bdbc000-7f549bdbd000 rw-p 0001a000 08:08 655648                     /lib/x86_64-linux-gnu/libz.so.1.2.8
7f549bdbd000-7f549bdd5000 r-xp 00000000 08:08 656423                     /lib/x86_64-linux-gnu/libpthread-2.21.so
7f549bdd5000-7f549bfd5000 ---p 00018000 08:08 656423                     /lib/x86_64-linux-gnu/libpthread-2.21.so
7f549bfd5000-7f549bfd6000 r--p 00018000 08:08 656423                     /lib/x86_64-linux-gnu/libpthread-2.21.so
7f549bfd6000-7f549bfd7000 rw-p 00019000 08:08 656423                     /lib/x86_64-linux-gnu/libpthread-2.21.so
7f549bfd7000-7f549bfdb000 rw-p 00000000 00:00 0 
7f549bfdb000-7f549bfde000 r-xp 00000000 08:08 656419                     /lib/x86_64-linux-gnu/libdl-2.21.so
7f549bfde000-7f549c1dd000 ---p 00003000 08:08 656419                     /lib/x86_64-linux-gnu/libdl-2.21.so
7f549c1dd000-7f549c1de000 r--p 00002000 08:08 656419                     /lib/x86_64-linux-gnu/libdl-2.21.so
7f549c1de000-7f549c1df000 rw-p 00003000 08:08 656419                     /lib/x86_64-linux-gnu/libdl-2.21.so
7f549c1df000-7f549c39f000 r-xp 00000000 08:08 656436                     /lib/x86_64-linux-gnu/libc-2.21.so
7f549c39f000-7f549c59f000 ---p 001c0000 08:08 656436                     /lib/x86_64-linux-gnu/libc-2.21.so
7f549c59f000-7f549c5a3000 r--p 001c0000 08:08 656436                     /lib/x86_64-linux-gnu/libc-2.21.so
7f549c5a3000-7f549c5a5000 rw-p 001c4000 08:08 656436                     /lib/x86_64-linux-gnu/libc-2.21.so
7f549c5a5000-7f549c5a9000 rw-p 00000000 00:00 0 
7f549c5a9000-7f549c5b6000 r-xp 00000000 08:08 3806409                    /usr/lib/jvm/java-7-openjdk-amd64/jre/lib/amd64/jli/libjli.so
7f549c5b6000-7f549c7b5000 ---p 0000d000 08:08 3806409                    /usr/lib/jvm/java-7-openjdk-amd64/jre/lib/amd64/jli/libjli.so
7f549c7b5000-7f549c7b6000 r--p 0000c000 08:08 3806409                    /usr/lib/jvm/java-7-openjdk-amd64/jre/lib/amd64/jli/libjli.so
7f549c7b6000-7f549c7b7000 rw-p 0000d000 08:08 3806409                    /usr/lib/jvm/java-7-openjdk-amd64/jre/lib/amd64/jli/libjli.so
7f549c7b7000-7f549c7db000 r-xp 00000000 08:08 656422                     /lib/x86_64-linux-gnu/ld-2.21.so
7f549c7db000-7f549c7fd000 rw-p 00000000 00:00 0 
7f549c7fd000-7f549c8b3000 rw-p 00000000 00:00 0 
7f549c8b3000-7f549c8b6000 ---p 00000000 00:00 0 
7f549c8b6000-7f549c9ba000 rw-p 00000000 00:00 0                          [stack:11230]
7f549c9ba000-7f549c9bb000 r--s 00000000 08:08 4065635                    /usr/share/java/jayatanaag.jar
7f549c9bb000-7f549c9bc000 r--s 00002000 08:08 3806414                    /usr/lib/jvm/java-7-openjdk-amd64/jre/lib/ext/dnsns.jar
7f549c9bc000-7f549c9be000 r--s 00012000 08:08 3806411                    /usr/lib/jvm/java-7-openjdk-amd64/jre/lib/ext/zipfs.jar
7f549c9be000-7f549c9c2000 r--s 00034000 08:08 3806412                    /usr/lib/jvm/java-7-openjdk-amd64/jre/lib/ext/sunjce_provider.jar
7f549c9c2000-7f549c9c6000 r--s 0003c000 08:08 3806413                    /usr/lib/jvm/java-7-openjdk-amd64/jre/lib/ext/sunpkcs11.jar
7f549c9c6000-7f549c9c8000 r--s 00006000 08:08 4072860                    /usr/share/java/java-atk-wrapper.jar
7f549c9c8000-7f549c9cb000 r--s 00086000 08:08 3806415                    /usr/lib/jvm/java-7-openjdk-amd64/jre/lib/ext/localedata.jar
7f549c9cb000-7f549c9ce000 r--s 0000f000 08:08 3806410                    /usr/lib/jvm/java-7-openjdk-amd64/jre/lib/ext/icedtea-sound.jar
7f549c9ce000-7f549c9d6000 rw-s 00000000 08:08 3955677                    /tmp/hsperfdata_pedram/11224
7f549c9d6000-7f549c9d7000 rw-p 00000000 00:00 0 
7f549c9d7000-7f549c9d8000 ---p 00000000 00:00 0 
7f549c9d8000-7f549c9da000 rw-p 00000000 00:00 0 
7f549c9da000-7f549c9db000 r--p 00023000 08:08 656422                     /lib/x86_64-linux-gnu/ld-2.21.so
7f549c9db000-7f549c9dc000 rw-p 00024000 08:08 656422                     /lib/x86_64-linux-gnu/ld-2.21.so
7f549c9dc000-7f549c9dd000 rw-p 00000000 00:00 0 
7ffec9b07000-7ffec9b29000 rw-p 00000000 00:00 0                          [stack]
7ffec9bfa000-7ffec9bfc000 r--p 00000000 00:00 0                          [vvar]
7ffec9bfc000-7ffec9bfe000 r-xp 00000000 00:00 0                          [vdso]
ffffffffff600000-ffffffffff601000 r-xp 00000000 00:00 0                  [vsyscall]

VM Arguments:
jvm_args: -javaagent:/usr/share/java/jayatanaag.jar -Xmx1024M -Dfile.encoding=UTF-8 -Duser.country=CA -Duser.language=en -Duser.variant 
java_command: com.android.dx.command.Main --dex --output /home/pedram/Dropbox/Programming/AndroidWorkspace/SpotifyStreamer/app/build/intermediates/dex/debug /home/pedram/Dropbox/Programming/AndroidWorkspace/SpotifyStreamer/app/build/intermediates/classes/debug /home/pedram/Dropbox/Programming/AndroidWorkspace/SpotifyStreamer/app/build/intermediates/pre-dexed/debug/support-annotations-22.2.0-dcd8fd7ac91e976d08ad474646ed47c28c4185a3.jar /home/pedram/Dropbox/Programming/AndroidWorkspace/SpotifyStreamer/app/build/intermediates/pre-dexed/debug/classes-5f6600f5d58d3bc27d912fd4306cd442ee1dd258.jar /home/pedram/Dropbox/Programming/AndroidWorkspace/SpotifyStreamer/app/build/intermediates/pre-dexed/debug/classes-be06b659dffedc2342abc34a8c95e4c28f99bd9b.jar /home/pedram/Dropbox/Programming/AndroidWorkspace/SpotifyStreamer/app/build/intermediates/pre-dexed/debug/okio-1.2.0-91e0ba1ed38a69454c4662d7d0efa3635e708a02.jar /home/pedram/Dropbox/Programming/AndroidWorkspace/SpotifyStreamer/app/build/intermediates/pre-dexed/debug/retrofit-1.9.0-5071423bb3fed08a85c6112893614173454791d2.jar /home/pedram/Dropbox/Programming/AndroidWorkspace/SpotifyStreamer/app/build/intermediates/pre-dexed/debug/picasso-2.5.2-04112096ac0b158f4e8eeb5cf43d1832493ca002.jar /home/pedram/Dropbox/Programming/AndroidWorkspace/SpotifyStreamer/app/build/intermediates/pre-dexed/debug/gson-2.3.1-f22b8e9160da2c51c2ba66fde0640b2ff9d3085f.jar /home/pedram/Dropbox/Programming/AndroidWorkspace/SpotifyStreamer/app/build/intermediates/pre-dexed/debug/classes-de024993434abefefdf7dcb64c1a8e4fb7923dcb.jar /home/pedram/Dropbox/Programming/AndroidWorkspace/SpotifyStreamer/app/build/intermediates/pre-dexed/debug/internal_impl-22.2.0-052f110d25d80da8ed07fb388c57755f271a0ea8.jar /home/pedram/Dropbox/Programming/AndroidWorkspace/SpotifyStreamer/app/build/intermediates/pre-dexed/debug/okhttp-2.2.0-9edaa792c6829ebc30ce25b4466be3cb17421b68.jar /home/pedram/Dropbox/Programming/AndroidWorkspace/SpotifyStreamer/app/build/intermediates/p
Launcher Type: SUN_STANDARD

Environment Variables:
JAVA_HOME=/usr/lib/jvm/java-8-oracle
JAVA_TOOL_OPTIONS=-javaagent:/usr/share/java/jayatanaag.jar 
PATH=/usr/local/sbin:/usr/local/bin:/usr/sbin:/usr/bin:/sbin:/bin:/usr/games:/usr/local/games:/usr/lib/jvm/java-8-oracle/bin:/usr/lib/jvm/java-8-oracle/db/bin:/usr/lib/jvm/java-8-oracle/jre/bin
LD_LIBRARY_PATH=/home/pedram/Desktop/Android Development/android-studio/bin:
SHELL=/bin/bash
DISPLAY=:0

Signal Handlers:
SIGSEGV: [libjvm.so+0x98abe0], sa_mask[0]=0x7ffbfeff, sa_flags=0x10000004
SIGBUS: [libjvm.so+0x98abe0], sa_mask[0]=0x7ffbfeff, sa_flags=0x10000004
SIGFPE: [libjvm.so+0x7f8a60], sa_mask[0]=0x7ffbfeff, sa_flags=0x10000004
SIGPIPE: [libjvm.so+0x7f8a60], sa_mask[0]=0x7ffbfeff, sa_flags=0x10000004
SIGXFSZ: [libjvm.so+0x7f8a60], sa_mask[0]=0x7ffbfeff, sa_flags=0x10000004
SIGILL: [libjvm.so+0x7f8a60], sa_mask[0]=0x7ffbfeff, sa_flags=0x10000004
SIGUSR1: SIG_DFL, sa_mask[0]=0x00000000, sa_flags=0x00000000
SIGUSR2: [libjvm.so+0x7f88e0], sa_mask[0]=0x00000004, sa_flags=0x10000004
SIGHUP: [libjvm.so+0x7f8ae0], sa_mask[0]=0x7ffbfeff, sa_flags=0x10000004
SIGINT: [libjvm.so+0x7f8ae0], sa_mask[0]=0x7ffbfeff, sa_flags=0x10000004
SIGTERM: [libjvm.so+0x7f8ae0], sa_mask[0]=0x7ffbfeff, sa_flags=0x10000004
SIGQUIT: [libjvm.so+0x7f8ae0], sa_mask[0]=0x7ffbfeff, sa_flags=0x10000004
SIGTRAP: SIG_DFL, sa_mask[0]=0x00000000, sa_flags=0x00000000


---------------  S Y S T E M  ---------------

OS:Ubuntu 15.04 (vivid)
uname:Linux 3.19.0-22-generic #22-Ubuntu SMP Tue Jun 16 17:15:15 UTC 2015 x86_64
libc:glibc 2.21 NPTL 2.21 
rlimit: STACK 8192k, CORE 0k, NPROC 30220, NOFILE 65536, AS infinity
load average:18.06 6.64 3.82

/proc/meminfo:
MemTotal:        8078760 kB
MemFree:          116768 kB
MemAvailable:      67100 kB
Buffers:             228 kB
Cached:          2273724 kB
SwapCached:            0 kB
Active:          5694156 kB
Inactive:        2018368 kB
Active(anon):    5691928 kB
Inactive(anon):  2014444 kB
Active(file):       2228 kB
Inactive(file):     3924 kB
Unevictable:          32 kB
Mlocked:              32 kB
SwapTotal:             0 kB
SwapFree:              0 kB
Dirty:                32 kB
Writeback:             0 kB
AnonPages:       5439264 kB
Mapped:          1157436 kB
Shmem:           2267140 kB
Slab:             125396 kB
SReclaimable:      63444 kB
SUnreclaim:        61952 kB
KernelStack:       11824 kB
PageTables:        52576 kB
NFS_Unstable:          0 kB
Bounce:                0 kB
WritebackTmp:          0 kB
CommitLimit:     4039380 kB
Committed_AS:   14715120 kB
VmallocTotal:   34359738367 kB
VmallocUsed:      370280 kB
VmallocChunk:   34359357432 kB
HardwareCorrupted:     0 kB
AnonHugePages:   2758656 kB
CmaTotal:              0 kB
CmaFree:               0 kB
HugePages_Total:       0
HugePages_Free:        0
HugePages_Rsvd:        0
HugePages_Surp:        0
Hugepagesize:       2048 kB
DirectMap4k:      156832 kB
DirectMap2M:     7086080 kB
DirectMap1G:     2097152 kB


CPU:total 4 (2 cores per cpu, 2 threads per core) family 6 model 61 stepping 4, cmov, cx8, fxsr, mmx, sse, sse2, sse3, ssse3, sse4.1, sse4.2, popcnt, avx, avx2, aes, erms, ht, tsc, tscinvbit

/proc/cpuinfo:
processor	: 0
vendor_id	: GenuineIntel
cpu family	: 6
model		: 61
model name	: Intel(R) Core(TM) i5-5200U CPU @ 2.20GHz
stepping	: 4
microcode	: 0x1f
cpu MHz		: 2280.007
cache size	: 3072 KB
physical id	: 0
siblings	: 4
core id		: 0
cpu cores	: 2
apicid		: 0
initial apicid	: 0
fpu		: yes
fpu_exception	: yes
cpuid level	: 20
wp		: yes
flags		: fpu vme de pse tsc msr pae mce cx8 apic sep mtrr pge mca cmov pat pse36 clflush dts acpi mmx fxsr sse sse2 ss ht tm pbe syscall nx pdpe1gb rdtscp lm constant_tsc arch_perfmon pebs bts rep_good nopl xtopology nonstop_tsc aperfmperf eagerfpu pni pclmulqdq dtes64 monitor ds_cpl vmx est tm2 ssse3 fma cx16 xtpr pdcm pcid sse4_1 sse4_2 x2apic movbe popcnt tsc_deadline_timer aes xsave avx f16c rdrand lahf_lm abm 3dnowprefetch ida arat epb pln pts dtherm tpr_shadow vnmi flexpriority ept vpid fsgsbase tsc_adjust bmi1 avx2 smep bmi2 erms invpcid rdseed adx smap xsaveopt
bugs		:
bogomips	: 4389.52
clflush size	: 64
cache_alignment	: 64
address sizes	: 39 bits physical, 48 bits virtual
power management:

processor	: 1
vendor_id	: GenuineIntel
cpu family	: 6
model		: 61
model name	: Intel(R) Core(TM) i5-5200U CPU @ 2.20GHz
stepping	: 4
microcode	: 0x1f
cpu MHz		: 2400.750
cache size	: 3072 KB
physical id	: 0
siblings	: 4
core id		: 1
cpu cores	: 2
apicid		: 2
initial apicid	: 2
fpu		: yes
fpu_exception	: yes
cpuid level	: 20
wp		: yes
flags		: fpu vme de pse tsc msr pae mce cx8 apic sep mtrr pge mca cmov pat pse36 clflush dts acpi mmx fxsr sse sse2 ss ht tm pbe syscall nx pdpe1gb rdtscp lm constant_tsc arch_perfmon pebs bts rep_good nopl xtopology nonstop_tsc aperfmperf eagerfpu pni pclmulqdq dtes64 monitor ds_cpl vmx est tm2 ssse3 fma cx16 xtpr pdcm pcid sse4_1 sse4_2 x2apic movbe popcnt tsc_deadline_timer aes xsave avx f16c rdrand lahf_lm abm 3dnowprefetch ida arat epb pln pts dtherm tpr_shadow vnmi flexpriority ept vpid fsgsbase tsc_adjust bmi1 avx2 smep bmi2 erms invpcid rdseed adx smap xsaveopt
bugs		:
bogomips	: 4389.52
clflush size	: 64
cache_alignment	: 64
address sizes	: 39 bits physical, 48 bits virtual
power management:

processor	: 2
vendor_id	: GenuineIntel
cpu family	: 6
model		: 61
model name	: Intel(R) Core(TM) i5-5200U CPU @ 2.20GHz
stepping	: 4
microcode	: 0x1f
cpu MHz		: 2283.703
cache size	: 3072 KB
physical id	: 0
siblings	: 4
core id		: 0
cpu cores	: 2
apicid		: 1
initial apicid	: 1
fpu		: yes
fpu_exception	: yes
cpuid level	: 20
wp		: yes
flags		: fpu vme de pse tsc msr pae mce cx8 apic sep mtrr pge mca cmov pat pse36 clflush dts acpi mmx fxsr sse sse2 ss ht tm pbe syscall nx pdpe1gb rdtscp lm constant_tsc arch_perfmon pebs bts rep_good nopl xtopology nonstop_tsc aperfmperf eagerfpu pni pclmulqdq dtes64 monitor ds_cpl vmx est tm2 ssse3 fma cx16 xtpr pdcm pcid sse4_1 sse4_2 x2apic movbe popcnt tsc_deadline_timer aes xsave avx f16c rdrand lahf_lm abm 3dnowprefetch ida arat epb pln pts dtherm tpr_shadow vnmi flexpriority ept vpid fsgsbase tsc_adjust bmi1 avx2 smep bmi2 erms invpcid rdseed adx smap xsaveopt
bugs		:
bogomips	: 4389.52
clflush size	: 64
cache_alignment	: 64
address sizes	: 39 bits physical, 48 bits virtual
power management:

processor	: 3
vendor_id	: GenuineIntel
cpu family	: 6
model		: 61
model name	: Intel(R) Core(TM) i5-5200U CPU @ 2.20GHz
stepping	: 4
microcode	: 0x1f
cpu MHz		: 2268.406
cache size	: 3072 KB
physical id	: 0
siblings	: 4
core id		: 1
cpu cores	: 2
apicid		: 3
initial apicid	: 3
fpu		: yes
fpu_exception	: yes
cpuid level	: 20
wp		: yes
flags		: fpu vme de pse tsc msr pae mce cx8 apic sep mtrr pge mca cmov pat pse36 clflush dts acpi mmx fxsr sse sse2 ss ht tm pbe syscall nx pdpe1gb rdtscp lm constant_tsc arch_perfmon pebs bts rep_good nopl xtopology nonstop_tsc aperfmperf eagerfpu pni pclmulqdq dtes64 monitor ds_cpl vmx est tm2 ssse3 fma cx16 xtpr pdcm pcid sse4_1 sse4_2 x2apic movbe popcnt tsc_deadline_timer aes xsave avx f16c rdrand lahf_lm abm 3dnowprefetch ida arat epb pln pts dtherm tpr_shadow vnmi flexpriority ept vpid fsgsbase tsc_adjust bmi1 avx2 smep bmi2 erms invpcid rdseed adx smap xsaveopt
bugs		:
bogomips	: 4389.52
clflush size	: 64
cache_alignment	: 64
address sizes	: 39 bits physical, 48 bits virtual
power management:



Memory: 4k page, physical 8078760k(118376k free), swap 0k(0k free)

vm_info: OpenJDK 64-Bit Server VM (24.79-b02) for linux-amd64 JRE (1.7.0_79-b14), built on Apr 15 2015 21:06:31 by "buildd" with gcc 4.9.2

time: Sun Aug  2 15:24:46 2015
elapsed time: 46 seconds

